SF:/Users/harukiinoue/StudioProjects/notion-dart-kit/lib/src/utils/notion_logger.dart
DA:10,14
DA:12,42
DA:15,28
DA:24,3
DA:25,3
DA:27,6
DA:28,8
DA:29,3
DA:39,2
DA:40,4
DA:41,4
DA:46,2
DA:47,4
DA:48,4
DA:53,2
DA:54,4
DA:55,4
DA:60,2
DA:61,4
DA:62,4
DA:67,2
DA:73,4
DA:77,2
DA:78,2
DA:79,2
DA:80,4
DA:81,4
DA:82,2
DA:83,4
DA:86,2
DA:89,6
DA:93,2
DA:101,4
DA:105,2
DA:106,2
DA:107,4
DA:108,4
DA:109,4
DA:111,4
DA:114,4
DA:117,4
DA:120,6
DA:124,2
DA:131,4
DA:135,2
DA:136,2
DA:137,4
DA:138,4
DA:140,4
DA:142,4
DA:144,4
DA:147,6
DA:151,2
DA:156,4
DA:157,4
DA:158,2
DA:160,1
DA:167,0
LF:58
LH:57
end_of_record
SF:/Users/harukiinoue/StudioProjects/notion-dart-kit/lib/src/client/notion_client.dart
DA:32,10
DA:35,10
DA:36,30
DA:37,30
DA:38,30
DA:39,30
DA:40,30
DA:41,30
DA:42,30
DA:43,30
DA:96,6
DA:102,3
DA:115,1
DA:116,2
DA:122,3
DA:127,3
DA:133,1
DA:134,2
DA:140,3
DA:143,8
DA:144,16
LF:21
LH:21
end_of_record
SF:/Users/harukiinoue/StudioProjects/notion-dart-kit/lib/src/client/rate_limiter.dart
DA:22,13
DA:29,13
DA:65,1
DA:74,1
DA:78,1
DA:81,1
DA:85,1
DA:88,2
DA:93,1
DA:97,1
DA:104,1
DA:110,1
DA:112,1
DA:115,2
DA:116,1
DA:117,2
DA:119,1
DA:121,1
DA:123,0
DA:126,1
DA:127,1
DA:132,2
DA:136,1
DA:137,1
DA:138,2
DA:141,2
DA:142,3
DA:143,4
DA:145,1
DA:147,1
DA:154,1
DA:155,5
DA:156,1
DA:157,1
DA:159,1
DA:165,1
DA:166,2
DA:167,2
LF:38
LH:37
end_of_record
SF:/Users/harukiinoue/StudioProjects/notion-dart-kit/lib/src/client/retry_queue.dart
DA:6,0
DA:7,0
DA:22,1
DA:24,1
DA:25,3
DA:26,1
DA:29,0
DA:32,0
DA:46,1
DA:59,1
DA:75,2
DA:76,1
DA:77,1
DA:78,1
DA:79,1
DA:80,1
DA:81,1
DA:82,1
DA:83,1
DA:84,1
DA:85,1
DA:86,1
DA:92,13
DA:98,13
DA:113,13
DA:114,13
DA:117,13
DA:118,13
DA:122,10
DA:123,10
DA:124,20
DA:125,10
DA:129,10
DA:130,10
DA:134,1
DA:146,1
DA:149,1
DA:150,1
DA:151,1
DA:159,2
DA:160,1
DA:161,1
DA:165,0
DA:166,0
DA:167,0
DA:168,0
DA:172,0
DA:173,0
DA:174,0
DA:175,0
DA:181,1
DA:182,1
DA:185,1
DA:188,13
DA:189,14
DA:190,13
DA:195,1
DA:200,39
DA:203,1
DA:204,1
DA:209,2
DA:210,0
DA:211,0
DA:212,0
DA:213,0
DA:216,0
DA:220,3
DA:221,1
DA:222,2
DA:225,2
DA:226,1
DA:229,1
DA:232,1
DA:233,1
DA:234,4
DA:235,4
DA:239,1
DA:242,1
DA:243,1
DA:247,2
DA:248,2
DA:249,2
DA:252,2
DA:253,5
DA:254,2
DA:255,1
DA:256,1
DA:257,1
DA:258,1
DA:260,2
DA:261,3
DA:262,2
DA:263,1
DA:264,1
DA:269,2
DA:270,2
DA:271,1
DA:272,1
DA:277,1
DA:282,4
DA:283,3
DA:284,1
DA:287,1
DA:289,4
LF:104
LH:87
end_of_record
SF:/Users/harukiinoue/StudioProjects/notion-dart-kit/lib/src/models/block.freezed.dart
DA:12,0
DA:14,0
DA:20,0
DA:21,0
DA:22,0
DA:23,0
DA:24,0
DA:25,0
DA:26,0
DA:27,0
DA:28,0
DA:29,0
DA:437,0
DA:438,0
DA:846,0
DA:847,0
DA:1256,0
DA:1257,0
DA:1290,0
DA:1291,0
DA:1324,0
DA:1325,0
DA:1359,0
DA:1363,0
DA:1364,0
DA:1392,0
DA:1401,0
DA:1414,0
DA:1415,0
DA:1417,0
DA:1421,0
DA:1425,0
DA:1429,0
DA:1433,0
DA:1437,0
DA:1441,0
DA:1445,0
DA:1449,0
DA:1459,0
DA:1462,0
DA:1463,0
DA:1469,0
DA:1472,0
DA:1473,0
DA:1479,0
DA:1482,0
DA:1483,0
DA:1523,0
DA:1526,0
DA:1530,0
DA:1544,0
DA:1545,0
DA:1547,0
DA:1551,0
DA:1555,0
DA:1559,0
DA:1563,0
DA:1567,0
DA:1571,0
DA:1575,0
DA:1579,0
DA:1583,0
DA:1592,0
DA:1595,0
DA:1596,0
DA:1604,2
DA:1615,2
DA:1638,0
DA:1640,0
DA:1643,0
DA:1646,0
DA:1647,0
DA:1648,0
DA:1649,0
DA:1650,0
DA:1651,0
DA:1652,0
DA:1653,0
DA:1654,0
DA:1655,0
DA:1656,0
DA:1657,0
DA:1658,0
DA:1659,0
DA:1660,0
DA:1661,0
DA:1662,0
DA:1663,0
DA:1666,0
DA:1667,0
DA:1668,0
DA:1669,0
DA:1670,0
DA:1671,0
DA:1672,0
DA:1673,0
DA:1674,0
DA:1675,0
DA:1676,0
DA:1677,0
DA:1678,0
DA:1683,0
DA:1687,0
DA:1692,2
DA:2102,2
DA:2103,2
DA:2104,2
DA:2105,2
DA:2106,2
DA:2107,2
DA:2108,2
DA:2109,2
DA:2110,2
DA:2111,2
DA:2112,2
DA:2116,0
DA:2526,0
DA:2527,0
DA:2528,0
DA:2529,0
DA:2530,0
DA:2531,0
DA:2532,0
DA:2533,0
DA:2534,0
DA:2535,0
DA:2536,0
DA:2540,0
DA:2952,0
DA:2953,0
DA:2954,0
DA:2955,0
DA:2956,0
DA:2957,0
DA:2958,0
DA:2959,0
DA:2960,0
DA:2961,0
DA:2962,0
DA:2965,0
DA:2968,0
DA:3003,0
DA:3006,0
DA:3041,0
DA:3044,0
DA:3081,0
DA:3083,0
DA:3100,4
DA:3124,0
DA:3127,0
DA:3165,0
DA:3168,0
DA:3172,0
DA:3186,0
DA:3187,0
DA:3189,0
DA:3193,0
DA:3197,0
DA:3201,0
DA:3205,0
DA:3209,0
DA:3213,0
DA:3217,0
DA:3221,0
DA:3225,0
DA:3234,0
DA:3237,0
DA:3238,0
DA:3246,1
DA:3257,1
DA:3280,0
DA:3282,0
DA:3285,0
DA:3288,0
DA:3289,0
DA:3290,0
DA:3291,0
DA:3292,0
DA:3293,0
DA:3294,0
DA:3295,0
DA:3296,0
DA:3297,0
DA:3298,0
DA:3299,0
DA:3300,0
DA:3301,0
DA:3302,0
DA:3303,0
DA:3304,0
DA:3305,0
DA:3308,0
DA:3309,0
DA:3310,0
DA:3311,0
DA:3312,0
DA:3313,0
DA:3314,0
DA:3315,0
DA:3316,0
DA:3317,0
DA:3318,0
DA:3319,0
DA:3320,0
DA:3325,0
DA:3329,0
DA:3331,1
DA:3741,1
DA:3742,1
DA:3743,1
DA:3744,1
DA:3745,1
DA:3746,1
DA:3747,1
DA:3748,1
DA:3749,1
DA:3750,1
DA:3751,1
DA:3755,0
DA:4165,0
DA:4166,0
DA:4167,0
DA:4168,0
DA:4169,0
DA:4170,0
DA:4171,0
DA:4172,0
DA:4173,0
DA:4174,0
DA:4175,0
DA:4179,0
DA:4591,0
DA:4592,0
DA:4593,0
DA:4594,0
DA:4595,0
DA:4596,0
DA:4597,0
DA:4598,0
DA:4599,0
DA:4600,0
DA:4601,0
DA:4604,0
DA:4607,0
DA:4642,0
DA:4645,0
DA:4680,0
DA:4683,0
DA:4720,0
DA:4722,0
DA:4739,2
DA:4763,0
DA:4766,0
DA:4804,0
DA:4807,0
DA:4811,0
DA:4825,0
DA:4826,0
DA:4828,0
DA:4832,0
DA:4836,0
DA:4840,0
DA:4844,0
DA:4848,0
DA:4852,0
DA:4856,0
DA:4860,0
DA:4864,0
DA:4873,0
DA:4876,0
DA:4877,0
DA:4885,0
DA:4896,0
DA:4919,0
DA:4921,0
DA:4924,0
DA:4927,0
DA:4928,0
DA:4929,0
DA:4930,0
DA:4931,0
DA:4932,0
DA:4933,0
DA:4934,0
DA:4935,0
DA:4936,0
DA:4937,0
DA:4938,0
DA:4939,0
DA:4940,0
DA:4941,0
DA:4942,0
DA:4943,0
DA:4944,0
DA:4947,0
DA:4948,0
DA:4949,0
DA:4950,0
DA:4951,0
DA:4952,0
DA:4953,0
DA:4954,0
DA:4955,0
DA:4956,0
DA:4957,0
DA:4958,0
DA:4959,0
DA:4964,0
DA:4968,0
DA:4970,0
DA:5380,0
DA:5381,0
DA:5382,0
DA:5383,0
DA:5384,0
DA:5385,0
DA:5386,0
DA:5387,0
DA:5388,0
DA:5389,0
DA:5390,0
DA:5394,0
DA:5804,0
DA:5805,0
DA:5806,0
DA:5807,0
DA:5808,0
DA:5809,0
DA:5810,0
DA:5811,0
DA:5812,0
DA:5813,0
DA:5814,0
DA:5818,0
DA:6230,0
DA:6231,0
DA:6232,0
DA:6233,0
DA:6234,0
DA:6235,0
DA:6236,0
DA:6237,0
DA:6238,0
DA:6239,0
DA:6240,0
DA:6243,0
DA:6246,0
DA:6281,0
DA:6284,0
DA:6319,0
DA:6322,0
DA:6359,0
DA:6361,0
DA:6378,0
DA:6402,0
DA:6405,0
DA:6443,0
DA:6446,0
DA:6450,0
DA:6464,0
DA:6465,0
DA:6467,0
DA:6471,0
DA:6475,0
DA:6479,0
DA:6483,0
DA:6487,0
DA:6491,0
DA:6495,0
DA:6499,0
DA:6503,0
DA:6512,0
DA:6515,0
DA:6516,0
DA:6524,0
DA:6535,0
DA:6558,0
DA:6560,0
DA:6563,0
DA:6566,0
DA:6567,0
DA:6568,0
DA:6569,0
DA:6570,0
DA:6571,0
DA:6572,0
DA:6573,0
DA:6574,0
DA:6575,0
DA:6576,0
DA:6577,0
DA:6578,0
DA:6579,0
DA:6580,0
DA:6581,0
DA:6582,0
DA:6583,0
DA:6586,0
DA:6587,0
DA:6588,0
DA:6589,0
DA:6590,0
DA:6591,0
DA:6592,0
DA:6593,0
DA:6594,0
DA:6595,0
DA:6596,0
DA:6597,0
DA:6598,0
DA:6603,0
DA:6607,0
DA:6609,0
DA:7019,0
DA:7020,0
DA:7021,0
DA:7022,0
DA:7023,0
DA:7024,0
DA:7025,0
DA:7026,0
DA:7027,0
DA:7028,0
DA:7029,0
DA:7033,0
DA:7443,0
DA:7444,0
DA:7445,0
DA:7446,0
DA:7447,0
DA:7448,0
DA:7449,0
DA:7450,0
DA:7451,0
DA:7452,0
DA:7453,0
DA:7457,0
DA:7869,0
DA:7870,0
DA:7871,0
DA:7872,0
DA:7873,0
DA:7874,0
DA:7875,0
DA:7876,0
DA:7877,0
DA:7878,0
DA:7879,0
DA:7882,0
DA:7885,0
DA:7920,0
DA:7923,0
DA:7958,0
DA:7961,0
DA:7998,0
DA:8000,0
DA:8017,0
DA:8041,0
DA:8044,0
DA:8082,0
DA:8085,0
DA:8089,0
DA:8103,0
DA:8104,0
DA:8106,0
DA:8110,0
DA:8114,0
DA:8118,0
DA:8122,0
DA:8126,0
DA:8130,0
DA:8134,0
DA:8138,0
DA:8142,0
DA:8151,0
DA:8154,0
DA:8155,0
DA:8163,0
DA:8174,0
DA:8197,0
DA:8199,0
DA:8202,0
DA:8205,0
DA:8206,0
DA:8207,0
DA:8208,0
DA:8209,0
DA:8210,0
DA:8211,0
DA:8212,0
DA:8213,0
DA:8214,0
DA:8215,0
DA:8216,0
DA:8217,0
DA:8218,0
DA:8219,0
DA:8220,0
DA:8221,0
DA:8222,0
DA:8225,0
DA:8226,0
DA:8227,0
DA:8228,0
DA:8229,0
DA:8230,0
DA:8231,0
DA:8232,0
DA:8233,0
DA:8234,0
DA:8235,0
DA:8236,0
DA:8237,0
DA:8242,0
DA:8247,0
DA:8252,0
DA:8662,0
DA:8663,0
DA:8664,0
DA:8665,0
DA:8666,0
DA:8667,0
DA:8668,0
DA:8669,0
DA:8670,0
DA:8671,0
DA:8672,0
DA:8676,0
DA:9086,0
DA:9087,0
DA:9088,0
DA:9089,0
DA:9090,0
DA:9091,0
DA:9092,0
DA:9093,0
DA:9094,0
DA:9095,0
DA:9096,0
DA:9100,0
DA:9512,0
DA:9513,0
DA:9514,0
DA:9515,0
DA:9516,0
DA:9517,0
DA:9518,0
DA:9519,0
DA:9520,0
DA:9521,0
DA:9522,0
DA:9525,0
DA:9528,0
DA:9563,0
DA:9566,0
DA:9601,0
DA:9604,0
DA:9641,0
DA:9643,0
DA:9660,0
DA:9684,0
DA:9687,0
DA:9725,0
DA:9728,0
DA:9732,0
DA:9746,0
DA:9747,0
DA:9749,0
DA:9753,0
DA:9757,0
DA:9761,0
DA:9765,0
DA:9769,0
DA:9773,0
DA:9777,0
DA:9781,0
DA:9785,0
DA:9794,0
DA:9797,0
DA:9798,0
DA:9806,0
DA:9817,0
DA:9840,0
DA:9842,0
DA:9845,0
DA:9848,0
DA:9849,0
DA:9850,0
DA:9851,0
DA:9852,0
DA:9853,0
DA:9854,0
DA:9855,0
DA:9856,0
DA:9857,0
DA:9858,0
DA:9859,0
DA:9860,0
DA:9861,0
DA:9862,0
DA:9863,0
DA:9864,0
DA:9865,0
DA:9868,0
DA:9869,0
DA:9870,0
DA:9871,0
DA:9872,0
DA:9873,0
DA:9874,0
DA:9875,0
DA:9876,0
DA:9877,0
DA:9878,0
DA:9879,0
DA:9880,0
DA:9885,0
DA:9890,0
DA:9895,0
DA:10305,0
DA:10306,0
DA:10307,0
DA:10308,0
DA:10309,0
DA:10310,0
DA:10311,0
DA:10312,0
DA:10313,0
DA:10314,0
DA:10315,0
DA:10319,0
DA:10729,0
DA:10730,0
DA:10731,0
DA:10732,0
DA:10733,0
DA:10734,0
DA:10735,0
DA:10736,0
DA:10737,0
DA:10738,0
DA:10739,0
DA:10743,0
DA:11155,0
DA:11156,0
DA:11157,0
DA:11158,0
DA:11159,0
DA:11160,0
DA:11161,0
DA:11162,0
DA:11163,0
DA:11164,0
DA:11165,0
DA:11168,0
DA:11171,0
DA:11206,0
DA:11209,0
DA:11244,0
DA:11247,0
DA:11284,0
DA:11286,0
DA:11303,0
DA:11327,0
DA:11330,0
DA:11367,0
DA:11370,0
DA:11374,0
DA:11388,0
DA:11389,0
DA:11391,0
DA:11395,0
DA:11399,0
DA:11403,0
DA:11407,0
DA:11411,0
DA:11415,0
DA:11419,0
DA:11423,0
DA:11427,0
DA:11436,0
DA:11439,0
DA:11440,0
DA:11448,1
DA:11459,1
DA:11482,0
DA:11484,0
DA:11487,0
DA:11490,0
DA:11491,0
DA:11492,0
DA:11493,0
DA:11494,0
DA:11495,0
DA:11496,0
DA:11497,0
DA:11498,0
DA:11499,0
DA:11500,0
DA:11501,0
DA:11502,0
DA:11503,0
DA:11504,0
DA:11505,0
DA:11506,0
DA:11507,0
DA:11510,0
DA:11511,0
DA:11512,0
DA:11513,0
DA:11514,0
DA:11515,0
DA:11516,0
DA:11517,0
DA:11518,0
DA:11519,0
DA:11520,0
DA:11521,0
DA:11522,0
DA:11527,0
DA:11531,0
DA:11533,1
DA:11943,1
DA:11944,1
DA:11945,1
DA:11946,1
DA:11947,1
DA:11948,1
DA:11949,1
DA:11950,1
DA:11951,1
DA:11952,1
DA:11953,1
DA:11957,0
DA:12367,0
DA:12368,0
DA:12369,0
DA:12370,0
DA:12371,0
DA:12372,0
DA:12373,0
DA:12374,0
DA:12375,0
DA:12376,0
DA:12377,0
DA:12381,0
DA:12793,0
DA:12794,0
DA:12795,0
DA:12796,0
DA:12797,0
DA:12798,0
DA:12799,0
DA:12800,0
DA:12801,0
DA:12802,0
DA:12803,0
DA:12806,0
DA:12809,0
DA:12844,0
DA:12847,0
DA:12882,0
DA:12885,0
DA:12922,0
DA:12924,0
DA:12941,2
DA:12965,0
DA:12968,0
DA:13006,0
DA:13009,0
DA:13013,0
DA:13027,0
DA:13028,0
DA:13030,0
DA:13034,0
DA:13038,0
DA:13042,0
DA:13046,0
DA:13050,0
DA:13054,0
DA:13058,0
DA:13062,0
DA:13066,0
DA:13075,0
DA:13078,0
DA:13079,0
DA:13087,0
DA:13098,0
DA:13121,0
DA:13123,0
DA:13126,0
DA:13129,0
DA:13130,0
DA:13131,0
DA:13132,0
DA:13133,0
DA:13134,0
DA:13135,0
DA:13136,0
DA:13137,0
DA:13138,0
DA:13139,0
DA:13140,0
DA:13141,0
DA:13142,0
DA:13143,0
DA:13144,0
DA:13145,0
DA:13146,0
DA:13149,0
DA:13150,0
DA:13151,0
DA:13152,0
DA:13153,0
DA:13154,0
DA:13155,0
DA:13156,0
DA:13157,0
DA:13158,0
DA:13159,0
DA:13160,0
DA:13161,0
DA:13166,0
DA:13170,0
DA:13172,0
DA:13582,0
DA:13583,0
DA:13584,0
DA:13585,0
DA:13586,0
DA:13587,0
DA:13588,0
DA:13589,0
DA:13590,0
DA:13591,0
DA:13592,0
DA:13596,0
DA:14006,0
DA:14007,0
DA:14008,0
DA:14009,0
DA:14010,0
DA:14011,0
DA:14012,0
DA:14013,0
DA:14014,0
DA:14015,0
DA:14016,0
DA:14020,0
DA:14432,0
DA:14433,0
DA:14434,0
DA:14435,0
DA:14436,0
DA:14437,0
DA:14438,0
DA:14439,0
DA:14440,0
DA:14441,0
DA:14442,0
DA:14445,0
DA:14448,0
DA:14483,0
DA:14486,0
DA:14521,0
DA:14524,0
DA:14561,0
DA:14563,0
DA:14580,0
DA:14604,0
DA:14607,0
DA:14644,0
DA:14647,0
DA:14651,0
DA:14665,0
DA:14666,0
DA:14668,0
DA:14672,0
DA:14676,0
DA:14680,0
DA:14684,0
DA:14688,0
DA:14692,0
DA:14696,0
DA:14700,0
DA:14704,0
DA:14713,0
DA:14716,0
DA:14717,0
DA:14725,0
DA:14736,0
DA:14759,0
DA:14761,0
DA:14764,0
DA:14767,0
DA:14768,0
DA:14769,0
DA:14770,0
DA:14771,0
DA:14772,0
DA:14773,0
DA:14774,0
DA:14775,0
DA:14776,0
DA:14777,0
DA:14778,0
DA:14779,0
DA:14780,0
DA:14781,0
DA:14782,0
DA:14783,0
DA:14784,0
DA:14787,0
DA:14788,0
DA:14789,0
DA:14790,0
DA:14791,0
DA:14792,0
DA:14793,0
DA:14794,0
DA:14795,0
DA:14796,0
DA:14797,0
DA:14798,0
DA:14799,0
DA:14804,0
DA:14808,0
DA:14810,0
DA:15220,0
DA:15221,0
DA:15222,0
DA:15223,0
DA:15224,0
DA:15225,0
DA:15226,0
DA:15227,0
DA:15228,0
DA:15229,0
DA:15230,0
DA:15234,0
DA:15644,0
DA:15645,0
DA:15646,0
DA:15647,0
DA:15648,0
DA:15649,0
DA:15650,0
DA:15651,0
DA:15652,0
DA:15653,0
DA:15654,0
DA:15658,0
DA:16070,0
DA:16071,0
DA:16072,0
DA:16073,0
DA:16074,0
DA:16075,0
DA:16076,0
DA:16077,0
DA:16078,0
DA:16079,0
DA:16080,0
DA:16083,0
DA:16086,0
DA:16121,0
DA:16124,0
DA:16159,0
DA:16162,0
DA:16199,0
DA:16201,0
DA:16218,0
DA:16242,0
DA:16245,0
DA:16282,0
DA:16285,0
DA:16289,0
DA:16303,0
DA:16304,0
DA:16306,0
DA:16310,0
DA:16314,0
DA:16318,0
DA:16322,0
DA:16326,0
DA:16330,0
DA:16334,0
DA:16338,0
DA:16342,0
DA:16351,0
DA:16354,0
DA:16355,0
DA:16363,0
DA:16374,0
DA:16397,0
DA:16399,0
DA:16402,0
DA:16405,0
DA:16406,0
DA:16407,0
DA:16408,0
DA:16409,0
DA:16410,0
DA:16411,0
DA:16412,0
DA:16413,0
DA:16414,0
DA:16415,0
DA:16416,0
DA:16417,0
DA:16418,0
DA:16419,0
DA:16420,0
DA:16421,0
DA:16422,0
DA:16425,0
DA:16426,0
DA:16427,0
DA:16428,0
DA:16429,0
DA:16430,0
DA:16431,0
DA:16432,0
DA:16433,0
DA:16434,0
DA:16435,0
DA:16436,0
DA:16437,0
DA:16442,0
DA:16446,0
DA:16448,0
DA:16858,0
DA:16859,0
DA:16860,0
DA:16861,0
DA:16862,0
DA:16863,0
DA:16864,0
DA:16865,0
DA:16866,0
DA:16867,0
DA:16868,0
DA:16872,0
DA:17282,0
DA:17283,0
DA:17284,0
DA:17285,0
DA:17286,0
DA:17287,0
DA:17288,0
DA:17289,0
DA:17290,0
DA:17291,0
DA:17292,0
DA:17296,0
DA:17708,0
DA:17709,0
DA:17710,0
DA:17711,0
DA:17712,0
DA:17713,0
DA:17714,0
DA:17715,0
DA:17716,0
DA:17717,0
DA:17718,0
DA:17721,0
DA:17724,0
DA:17759,0
DA:17762,0
DA:17797,0
DA:17800,0
DA:17837,0
DA:17839,0
DA:17856,0
DA:17880,0
DA:17883,0
DA:17919,0
DA:17922,0
DA:17926,0
DA:17939,0
DA:17940,0
DA:17942,0
DA:17946,0
DA:17950,0
DA:17954,0
DA:17958,0
DA:17962,0
DA:17966,0
DA:17970,0
DA:17974,0
DA:17985,0
DA:17995,0
DA:18016,0
DA:18018,0
DA:18021,0
DA:18024,0
DA:18025,0
DA:18026,0
DA:18027,0
DA:18028,0
DA:18029,0
DA:18030,0
DA:18031,0
DA:18032,0
DA:18033,0
DA:18034,0
DA:18035,0
DA:18036,0
DA:18037,0
DA:18038,0
DA:18039,0
DA:18040,0
DA:18043,0
DA:18044,0
DA:18045,0
DA:18046,0
DA:18047,0
DA:18048,0
DA:18049,0
DA:18050,0
DA:18051,0
DA:18052,0
DA:18053,0
DA:18054,0
DA:18059,0
DA:18063,0
DA:18065,0
DA:18475,0
DA:18476,0
DA:18477,0
DA:18478,0
DA:18479,0
DA:18480,0
DA:18481,0
DA:18482,0
DA:18483,0
DA:18484,0
DA:18488,0
DA:18898,0
DA:18899,0
DA:18900,0
DA:18901,0
DA:18902,0
DA:18903,0
DA:18904,0
DA:18905,0
DA:18906,0
DA:18907,0
DA:18911,0
DA:19323,0
DA:19324,0
DA:19325,0
DA:19326,0
DA:19327,0
DA:19328,0
DA:19329,0
DA:19330,0
DA:19331,0
DA:19332,0
DA:19335,0
DA:19338,0
DA:19373,0
DA:19376,0
DA:19411,0
DA:19414,0
DA:19451,0
DA:19453,0
DA:19469,0
DA:19492,0
DA:19495,0
DA:19534,0
DA:19537,0
DA:19541,0
DA:19556,0
DA:19557,0
DA:19559,0
DA:19563,0
DA:19567,0
DA:19571,0
DA:19575,0
DA:19579,0
DA:19583,0
DA:19587,0
DA:19591,0
DA:19595,0
DA:19598,0
DA:19599,0
DA:19608,0
DA:19611,0
DA:19612,0
DA:19620,0
DA:19633,0
DA:19656,0
DA:19658,0
DA:19660,0
DA:19662,0
DA:19665,0
DA:19667,0
DA:19670,0
DA:19673,0
DA:19674,0
DA:19675,0
DA:19676,0
DA:19677,0
DA:19678,0
DA:19679,0
DA:19680,0
DA:19681,0
DA:19682,0
DA:19683,0
DA:19684,0
DA:19685,0
DA:19686,0
DA:19687,0
DA:19688,0
DA:19689,0
DA:19690,0
DA:19691,0
DA:19694,0
DA:19695,0
DA:19696,0
DA:19697,0
DA:19698,0
DA:19699,0
DA:19700,0
DA:19701,0
DA:19702,0
DA:19703,0
DA:19704,0
DA:19705,0
DA:19706,0
DA:19707,0
DA:19712,0
DA:19716,0
DA:19718,0
DA:20128,0
DA:20129,0
DA:20130,0
DA:20131,0
DA:20132,0
DA:20133,0
DA:20134,0
DA:20135,0
DA:20136,0
DA:20137,0
DA:20138,0
DA:20139,0
DA:20143,0
DA:20553,0
DA:20554,0
DA:20555,0
DA:20556,0
DA:20557,0
DA:20558,0
DA:20559,0
DA:20560,0
DA:20561,0
DA:20562,0
DA:20563,0
DA:20564,0
DA:20568,0
DA:20980,0
DA:20981,0
DA:20982,0
DA:20983,0
DA:20984,0
DA:20985,0
DA:20986,0
DA:20987,0
DA:20988,0
DA:20989,0
DA:20990,0
DA:20991,0
DA:20994,0
DA:20997,0
DA:21032,0
DA:21035,0
DA:21070,0
DA:21073,0
DA:21110,0
DA:21112,0
DA:21130,0
DA:21155,0
DA:21158,0
DA:21194,0
DA:21197,0
DA:21201,0
DA:21215,0
DA:21216,0
DA:21218,0
DA:21222,0
DA:21226,0
DA:21230,0
DA:21234,0
DA:21238,0
DA:21242,0
DA:21246,0
DA:21250,0
DA:21254,0
DA:21265,0
DA:21277,0
DA:21298,0
DA:21300,0
DA:21302,0
DA:21305,0
DA:21307,0
DA:21310,0
DA:21313,0
DA:21314,0
DA:21315,0
DA:21316,0
DA:21317,0
DA:21318,0
DA:21319,0
DA:21320,0
DA:21321,0
DA:21322,0
DA:21323,0
DA:21324,0
DA:21325,0
DA:21326,0
DA:21327,0
DA:21328,0
DA:21329,0
DA:21330,0
DA:21333,0
DA:21334,0
DA:21335,0
DA:21336,0
DA:21337,0
DA:21338,0
DA:21339,0
DA:21340,0
DA:21341,0
DA:21342,0
DA:21343,0
DA:21344,0
DA:21345,0
DA:21350,0
DA:21354,0
DA:21356,0
DA:21766,0
DA:21767,0
DA:21768,0
DA:21769,0
DA:21770,0
DA:21771,0
DA:21772,0
DA:21773,0
DA:21774,0
DA:21775,0
DA:21776,0
DA:21780,0
DA:22190,0
DA:22191,0
DA:22192,0
DA:22193,0
DA:22194,0
DA:22195,0
DA:22196,0
DA:22197,0
DA:22198,0
DA:22199,0
DA:22200,0
DA:22204,0
DA:22616,0
DA:22617,0
DA:22618,0
DA:22619,0
DA:22620,0
DA:22621,0
DA:22622,0
DA:22623,0
DA:22624,0
DA:22625,0
DA:22626,0
DA:22629,0
DA:22632,0
DA:22667,0
DA:22670,0
DA:22705,0
DA:22708,0
DA:22745,0
DA:22747,0
DA:22764,0
DA:22788,0
DA:22791,0
DA:22827,0
DA:22830,0
DA:22834,0
DA:22848,0
DA:22849,0
DA:22851,0
DA:22855,0
DA:22859,0
DA:22863,0
DA:22867,0
DA:22871,0
DA:22875,0
DA:22879,0
DA:22883,0
DA:22887,0
DA:22898,0
DA:22910,0
DA:22931,0
DA:22933,0
DA:22935,0
DA:22938,0
DA:22940,0
DA:22943,0
DA:22946,0
DA:22947,0
DA:22948,0
DA:22949,0
DA:22950,0
DA:22951,0
DA:22952,0
DA:22953,0
DA:22954,0
DA:22955,0
DA:22956,0
DA:22957,0
DA:22958,0
DA:22959,0
DA:22960,0
DA:22961,0
DA:22962,0
DA:22963,0
DA:22966,0
DA:22967,0
DA:22968,0
DA:22969,0
DA:22970,0
DA:22971,0
DA:22972,0
DA:22973,0
DA:22974,0
DA:22975,0
DA:22976,0
DA:22977,0
DA:22978,0
DA:22983,0
DA:22987,0
DA:22989,0
DA:23399,0
DA:23400,0
DA:23401,0
DA:23402,0
DA:23403,0
DA:23404,0
DA:23405,0
DA:23406,0
DA:23407,0
DA:23408,0
DA:23409,0
DA:23413,0
DA:23823,0
DA:23824,0
DA:23825,0
DA:23826,0
DA:23827,0
DA:23828,0
DA:23829,0
DA:23830,0
DA:23831,0
DA:23832,0
DA:23833,0
DA:23837,0
DA:24249,0
DA:24250,0
DA:24251,0
DA:24252,0
DA:24253,0
DA:24254,0
DA:24255,0
DA:24256,0
DA:24257,0
DA:24258,0
DA:24259,0
DA:24262,0
DA:24265,0
DA:24300,0
DA:24303,0
DA:24338,0
DA:24341,0
DA:24378,0
DA:24380,0
DA:24397,0
DA:24421,0
DA:24424,0
DA:24462,0
DA:24465,0
DA:24469,0
DA:24485,0
DA:24486,0
DA:24488,0
DA:24492,0
DA:24496,0
DA:24500,0
DA:24504,0
DA:24508,0
DA:24512,0
DA:24516,0
DA:24520,0
DA:24524,0
DA:24527,0
DA:24528,0
DA:24531,0
DA:24532,0
DA:24543,0
DA:24558,0
DA:24579,0
DA:24581,0
DA:24583,0
DA:24587,0
DA:24589,0
DA:24591,0
DA:24593,0
DA:24599,0
DA:24601,0
DA:24604,0
DA:24607,0
DA:24608,0
DA:24609,0
DA:24610,0
DA:24611,0
DA:24612,0
DA:24613,0
DA:24614,0
DA:24615,0
DA:24616,0
DA:24617,0
DA:24618,0
DA:24619,0
DA:24620,0
DA:24621,0
DA:24622,0
DA:24623,0
DA:24624,0
DA:24625,0
DA:24626,0
DA:24629,0
DA:24630,0
DA:24631,0
DA:24632,0
DA:24633,0
DA:24634,0
DA:24635,0
DA:24636,0
DA:24637,0
DA:24638,0
DA:24639,0
DA:24640,0
DA:24641,0
DA:24642,0
DA:24643,0
DA:24648,0
DA:24652,0
DA:24654,0
DA:25064,0
DA:25065,0
DA:25066,0
DA:25067,0
DA:25068,0
DA:25069,0
DA:25070,0
DA:25071,0
DA:25072,0
DA:25073,0
DA:25074,0
DA:25075,0
DA:25076,0
DA:25080,0
DA:25490,0
DA:25491,0
DA:25492,0
DA:25493,0
DA:25494,0
DA:25495,0
DA:25496,0
DA:25497,0
DA:25498,0
DA:25499,0
DA:25500,0
DA:25501,0
DA:25502,0
DA:25506,0
DA:25918,0
DA:25919,0
DA:25920,0
DA:25921,0
DA:25922,0
DA:25923,0
DA:25924,0
DA:25925,0
DA:25926,0
DA:25927,0
DA:25928,0
DA:25929,0
DA:25930,0
DA:25933,0
DA:25936,0
DA:25971,0
DA:25974,0
DA:26009,0
DA:26012,0
DA:26049,0
DA:26051,0
DA:26070,0
DA:26096,0
DA:26099,0
DA:26136,0
DA:26139,0
DA:26143,0
DA:26158,0
DA:26159,0
DA:26161,0
DA:26165,0
DA:26169,0
DA:26173,0
DA:26177,0
DA:26181,0
DA:26185,0
DA:26189,0
DA:26193,0
DA:26197,0
DA:26200,0
DA:26201,0
DA:26212,0
DA:26226,0
DA:26247,0
DA:26249,0
DA:26251,0
DA:26255,0
DA:26257,0
DA:26259,0
DA:26261,0
DA:26264,0
DA:26266,0
DA:26269,0
DA:26272,0
DA:26273,0
DA:26274,0
DA:26275,0
DA:26276,0
DA:26277,0
DA:26278,0
DA:26279,0
DA:26280,0
DA:26281,0
DA:26282,0
DA:26283,0
DA:26284,0
DA:26285,0
DA:26286,0
DA:26287,0
DA:26288,0
DA:26289,0
DA:26290,0
DA:26293,0
DA:26294,0
DA:26295,0
DA:26296,0
DA:26297,0
DA:26298,0
DA:26299,0
DA:26300,0
DA:26301,0
DA:26302,0
DA:26303,0
DA:26304,0
DA:26305,0
DA:26306,0
DA:26311,0
DA:26315,0
DA:26317,0
DA:26727,0
DA:26728,0
DA:26729,0
DA:26730,0
DA:26731,0
DA:26732,0
DA:26733,0
DA:26734,0
DA:26735,0
DA:26736,0
DA:26737,0
DA:26738,0
DA:26742,0
DA:27152,0
DA:27153,0
DA:27154,0
DA:27155,0
DA:27156,0
DA:27157,0
DA:27158,0
DA:27159,0
DA:27160,0
DA:27161,0
DA:27162,0
DA:27163,0
DA:27167,0
DA:27579,0
DA:27580,0
DA:27581,0
DA:27582,0
DA:27583,0
DA:27584,0
DA:27585,0
DA:27586,0
DA:27587,0
DA:27588,0
DA:27589,0
DA:27590,0
DA:27593,0
DA:27596,0
DA:27631,0
DA:27634,0
DA:27669,0
DA:27672,0
DA:27709,0
DA:27711,0
DA:27729,0
DA:27754,0
DA:27757,0
DA:27795,0
DA:27798,0
DA:27802,0
DA:27817,0
DA:27818,0
DA:27820,0
DA:27824,0
DA:27828,0
DA:27832,0
DA:27836,0
DA:27840,0
DA:27844,0
DA:27848,0
DA:27852,0
DA:27856,0
DA:27859,0
DA:27860,0
DA:27871,0
DA:27884,0
DA:27907,0
DA:27909,0
DA:27911,0
DA:27913,0
DA:27916,0
DA:27918,0
DA:27921,0
DA:27924,0
DA:27925,0
DA:27926,0
DA:27927,0
DA:27928,0
DA:27929,0
DA:27930,0
DA:27931,0
DA:27932,0
DA:27933,0
DA:27934,0
DA:27935,0
DA:27936,0
DA:27937,0
DA:27938,0
DA:27939,0
DA:27940,0
DA:27941,0
DA:27942,0
DA:27945,0
DA:27946,0
DA:27947,0
DA:27948,0
DA:27949,0
DA:27950,0
DA:27951,0
DA:27952,0
DA:27953,0
DA:27954,0
DA:27955,0
DA:27956,0
DA:27957,0
DA:27958,0
DA:27963,0
DA:27967,0
DA:27969,0
DA:28379,0
DA:28380,0
DA:28381,0
DA:28382,0
DA:28383,0
DA:28384,0
DA:28385,0
DA:28386,0
DA:28387,0
DA:28388,0
DA:28389,0
DA:28390,0
DA:28394,0
DA:28804,0
DA:28805,0
DA:28806,0
DA:28807,0
DA:28808,0
DA:28809,0
DA:28810,0
DA:28811,0
DA:28812,0
DA:28813,0
DA:28814,0
DA:28815,0
DA:28819,0
DA:29231,0
DA:29232,0
DA:29233,0
DA:29234,0
DA:29235,0
DA:29236,0
DA:29237,0
DA:29238,0
DA:29239,0
DA:29240,0
DA:29241,0
DA:29242,0
DA:29245,0
DA:29248,0
DA:29283,0
DA:29286,0
DA:29321,0
DA:29324,0
DA:29361,0
DA:29363,0
DA:29381,0
DA:29406,0
DA:29409,0
DA:29445,0
DA:29448,0
DA:29452,0
DA:29466,0
DA:29467,0
DA:29469,0
DA:29473,0
DA:29477,0
DA:29481,0
DA:29485,0
DA:29489,0
DA:29493,0
DA:29497,0
DA:29501,0
DA:29505,0
DA:29516,0
DA:29527,0
DA:29550,0
DA:29552,0
DA:29555,0
DA:29558,0
DA:29559,0
DA:29560,0
DA:29561,0
DA:29562,0
DA:29563,0
DA:29564,0
DA:29565,0
DA:29566,0
DA:29567,0
DA:29568,0
DA:29569,0
DA:29570,0
DA:29571,0
DA:29572,0
DA:29573,0
DA:29574,0
DA:29575,0
DA:29578,0
DA:29579,0
DA:29580,0
DA:29581,0
DA:29582,0
DA:29583,0
DA:29584,0
DA:29585,0
DA:29586,0
DA:29587,0
DA:29588,0
DA:29589,0
DA:29590,0
DA:29595,0
DA:29599,0
DA:29601,0
DA:30011,0
DA:30012,0
DA:30013,0
DA:30014,0
DA:30015,0
DA:30016,0
DA:30017,0
DA:30018,0
DA:30019,0
DA:30020,0
DA:30021,0
DA:30025,0
DA:30435,0
DA:30436,0
DA:30437,0
DA:30438,0
DA:30439,0
DA:30440,0
DA:30441,0
DA:30442,0
DA:30443,0
DA:30444,0
DA:30445,0
DA:30449,0
DA:30861,0
DA:30862,0
DA:30863,0
DA:30864,0
DA:30865,0
DA:30866,0
DA:30867,0
DA:30868,0
DA:30869,0
DA:30870,0
DA:30871,0
DA:30874,0
DA:30877,0
DA:30912,0
DA:30915,0
DA:30950,0
DA:30953,0
DA:30990,0
DA:30992,0
DA:31009,0
DA:31033,0
DA:31036,0
DA:31073,0
DA:31076,0
DA:31080,0
DA:31094,0
DA:31095,0
DA:31097,0
DA:31101,0
DA:31105,0
DA:31109,0
DA:31113,0
DA:31117,0
DA:31121,0
DA:31125,0
DA:31129,0
DA:31133,0
DA:31144,0
DA:31155,0
DA:31178,0
DA:31180,0
DA:31183,0
DA:31186,0
DA:31187,0
DA:31188,0
DA:31189,0
DA:31190,0
DA:31191,0
DA:31192,0
DA:31193,0
DA:31194,0
DA:31195,0
DA:31196,0
DA:31197,0
DA:31198,0
DA:31199,0
DA:31200,0
DA:31201,0
DA:31202,0
DA:31203,0
DA:31206,0
DA:31207,0
DA:31208,0
DA:31209,0
DA:31210,0
DA:31211,0
DA:31212,0
DA:31213,0
DA:31214,0
DA:31215,0
DA:31216,0
DA:31217,0
DA:31218,0
DA:31223,0
DA:31227,0
DA:31232,0
DA:31642,0
DA:31643,0
DA:31644,0
DA:31645,0
DA:31646,0
DA:31647,0
DA:31648,0
DA:31649,0
DA:31650,0
DA:31651,0
DA:31652,0
DA:31656,0
DA:32066,0
DA:32067,0
DA:32068,0
DA:32069,0
DA:32070,0
DA:32071,0
DA:32072,0
DA:32073,0
DA:32074,0
DA:32075,0
DA:32076,0
DA:32080,0
DA:32492,0
DA:32493,0
DA:32494,0
DA:32495,0
DA:32496,0
DA:32497,0
DA:32498,0
DA:32499,0
DA:32500,0
DA:32501,0
DA:32502,0
DA:32505,0
DA:32508,0
DA:32543,0
DA:32546,0
DA:32581,0
DA:32584,0
DA:32621,0
DA:32623,0
DA:32640,0
DA:32664,0
DA:32667,0
DA:32705,0
DA:32708,0
DA:32712,0
DA:32728,0
DA:32729,0
DA:32731,0
DA:32735,0
DA:32739,0
DA:32743,0
DA:32747,0
DA:32751,0
DA:32755,0
DA:32759,0
DA:32763,0
DA:32767,0
DA:32771,0
DA:32775,0
DA:32786,0
DA:32799,0
DA:32826,0
DA:32828,0
DA:32831,0
DA:32834,0
DA:32835,0
DA:32836,0
DA:32837,0
DA:32838,0
DA:32839,0
DA:32840,0
DA:32841,0
DA:32842,0
DA:32843,0
DA:32844,0
DA:32845,0
DA:32846,0
DA:32847,0
DA:32848,0
DA:32849,0
DA:32850,0
DA:32851,0
DA:32852,0
DA:32853,0
DA:32854,0
DA:32855,0
DA:32856,0
DA:32859,0
DA:32860,0
DA:32861,0
DA:32862,0
DA:32863,0
DA:32864,0
DA:32865,0
DA:32866,0
DA:32867,0
DA:32868,0
DA:32869,0
DA:32870,0
DA:32871,0
DA:32872,0
DA:32873,0
DA:32878,0
DA:32882,0
DA:32884,0
DA:33294,0
DA:33295,0
DA:33296,0
DA:33297,0
DA:33298,0
DA:33299,0
DA:33300,0
DA:33301,0
DA:33302,0
DA:33303,0
DA:33304,0
DA:33305,0
DA:33306,0
DA:33310,0
DA:33720,0
DA:33721,0
DA:33722,0
DA:33723,0
DA:33724,0
DA:33725,0
DA:33726,0
DA:33727,0
DA:33728,0
DA:33729,0
DA:33730,0
DA:33731,0
DA:33732,0
DA:33736,0
DA:34148,0
DA:34149,0
DA:34150,0
DA:34151,0
DA:34152,0
DA:34153,0
DA:34154,0
DA:34155,0
DA:34156,0
DA:34157,0
DA:34158,0
DA:34159,0
DA:34160,0
DA:34163,0
DA:34166,0
DA:34201,0
DA:34204,0
DA:34239,0
DA:34242,0
DA:34279,0
DA:34281,0
DA:34300,0
DA:34326,0
DA:34329,0
DA:34366,0
DA:34369,0
DA:34373,0
DA:34387,0
DA:34388,0
DA:34390,0
DA:34394,0
DA:34398,0
DA:34402,0
DA:34406,0
DA:34410,0
DA:34414,0
DA:34418,0
DA:34422,0
DA:34426,0
DA:34437,0
DA:34449,0
DA:34470,0
DA:34472,0
DA:34474,0
DA:34477,0
DA:34479,0
DA:34482,0
DA:34485,0
DA:34486,0
DA:34487,0
DA:34488,0
DA:34489,0
DA:34490,0
DA:34491,0
DA:34492,0
DA:34493,0
DA:34494,0
DA:34495,0
DA:34496,0
DA:34497,0
DA:34498,0
DA:34499,0
DA:34500,0
DA:34501,0
DA:34502,0
DA:34505,0
DA:34506,0
DA:34507,0
DA:34508,0
DA:34509,0
DA:34510,0
DA:34511,0
DA:34512,0
DA:34513,0
DA:34514,0
DA:34515,0
DA:34516,0
DA:34517,0
DA:34522,0
DA:34526,0
DA:34528,0
DA:34938,0
DA:34939,0
DA:34940,0
DA:34941,0
DA:34942,0
DA:34943,0
DA:34944,0
DA:34945,0
DA:34946,0
DA:34947,0
DA:34948,0
DA:34952,0
DA:35362,0
DA:35363,0
DA:35364,0
DA:35365,0
DA:35366,0
DA:35367,0
DA:35368,0
DA:35369,0
DA:35370,0
DA:35371,0
DA:35372,0
DA:35376,0
DA:35788,0
DA:35789,0
DA:35790,0
DA:35791,0
DA:35792,0
DA:35793,0
DA:35794,0
DA:35795,0
DA:35796,0
DA:35797,0
DA:35798,0
DA:35801,0
DA:35804,0
DA:35839,0
DA:35842,0
DA:35877,0
DA:35880,0
DA:35917,0
DA:35919,0
DA:35936,0
DA:35960,0
DA:35963,0
DA:36000,0
DA:36003,0
DA:36007,0
DA:36021,0
DA:36022,0
DA:36024,0
DA:36028,0
DA:36032,0
DA:36036,0
DA:36040,0
DA:36044,0
DA:36048,0
DA:36052,0
DA:36056,0
DA:36060,0
DA:36071,0
DA:36082,0
DA:36105,0
DA:36107,0
DA:36110,0
DA:36113,0
DA:36114,0
DA:36115,0
DA:36116,0
DA:36117,0
DA:36118,0
DA:36119,0
DA:36120,0
DA:36121,0
DA:36122,0
DA:36123,0
DA:36124,0
DA:36125,0
DA:36126,0
DA:36127,0
DA:36128,0
DA:36129,0
DA:36130,0
DA:36133,0
DA:36134,0
DA:36135,0
DA:36136,0
DA:36137,0
DA:36138,0
DA:36139,0
DA:36140,0
DA:36141,0
DA:36142,0
DA:36143,0
DA:36144,0
DA:36145,0
DA:36150,0
DA:36155,0
DA:36160,0
DA:36570,0
DA:36571,0
DA:36572,0
DA:36573,0
DA:36574,0
DA:36575,0
DA:36576,0
DA:36577,0
DA:36578,0
DA:36579,0
DA:36580,0
DA:36584,0
DA:36994,0
DA:36995,0
DA:36996,0
DA:36997,0
DA:36998,0
DA:36999,0
DA:37000,0
DA:37001,0
DA:37002,0
DA:37003,0
DA:37004,0
DA:37008,0
DA:37420,0
DA:37421,0
DA:37422,0
DA:37423,0
DA:37424,0
DA:37425,0
DA:37426,0
DA:37427,0
DA:37428,0
DA:37429,0
DA:37430,0
DA:37433,0
DA:37436,0
DA:37471,0
DA:37474,0
DA:37509,0
DA:37512,0
DA:37549,0
DA:37551,0
DA:37568,0
DA:37592,0
DA:37595,0
DA:37631,0
DA:37634,0
DA:37638,0
DA:37651,0
DA:37652,0
DA:37654,0
DA:37658,0
DA:37662,0
DA:37666,0
DA:37670,0
DA:37674,0
DA:37678,0
DA:37682,0
DA:37686,0
DA:37697,0
DA:37707,0
DA:37728,0
DA:37730,0
DA:37733,0
DA:37736,0
DA:37737,0
DA:37738,0
DA:37739,0
DA:37740,0
DA:37741,0
DA:37742,0
DA:37743,0
DA:37744,0
DA:37745,0
DA:37746,0
DA:37747,0
DA:37748,0
DA:37749,0
DA:37750,0
DA:37751,0
DA:37752,0
DA:37755,0
DA:37756,0
DA:37757,0
DA:37758,0
DA:37759,0
DA:37760,0
DA:37761,0
DA:37762,0
DA:37763,0
DA:37764,0
DA:37765,0
DA:37766,0
DA:37771,0
DA:37775,0
DA:37780,0
DA:38190,0
DA:38191,0
DA:38192,0
DA:38193,0
DA:38194,0
DA:38195,0
DA:38196,0
DA:38197,0
DA:38198,0
DA:38199,0
DA:38203,0
DA:38613,0
DA:38614,0
DA:38615,0
DA:38616,0
DA:38617,0
DA:38618,0
DA:38619,0
DA:38620,0
DA:38621,0
DA:38622,0
DA:38626,0
DA:39038,0
DA:39039,0
DA:39040,0
DA:39041,0
DA:39042,0
DA:39043,0
DA:39044,0
DA:39045,0
DA:39046,0
DA:39047,0
DA:39050,0
DA:39053,0
DA:39088,0
DA:39091,0
DA:39126,0
DA:39129,0
DA:39166,0
DA:39168,0
DA:39184,0
DA:39207,0
DA:39210,0
DA:39247,0
DA:39250,0
DA:39254,0
DA:39268,0
DA:39269,0
DA:39271,0
DA:39275,0
DA:39279,0
DA:39283,0
DA:39287,0
DA:39291,0
DA:39295,0
DA:39299,0
DA:39303,0
DA:39306,0
DA:39307,0
DA:39318,0
DA:39329,0
DA:39352,0
DA:39354,0
DA:39357,0
DA:39360,0
DA:39361,0
DA:39362,0
DA:39363,0
DA:39364,0
DA:39365,0
DA:39366,0
DA:39367,0
DA:39368,0
DA:39369,0
DA:39370,0
DA:39371,0
DA:39372,0
DA:39373,0
DA:39374,0
DA:39375,0
DA:39376,0
DA:39377,0
DA:39378,0
DA:39381,0
DA:39382,0
DA:39383,0
DA:39384,0
DA:39385,0
DA:39386,0
DA:39387,0
DA:39388,0
DA:39389,0
DA:39390,0
DA:39391,0
DA:39392,0
DA:39393,0
DA:39398,0
DA:39402,0
DA:39404,0
DA:39814,0
DA:39815,0
DA:39816,0
DA:39817,0
DA:39818,0
DA:39819,0
DA:39820,0
DA:39821,0
DA:39822,0
DA:39823,0
DA:39824,0
DA:39828,0
DA:40238,0
DA:40239,0
DA:40240,0
DA:40241,0
DA:40242,0
DA:40243,0
DA:40244,0
DA:40245,0
DA:40246,0
DA:40247,0
DA:40248,0
DA:40252,0
DA:40664,0
DA:40665,0
DA:40666,0
DA:40667,0
DA:40668,0
DA:40669,0
DA:40670,0
DA:40671,0
DA:40672,0
DA:40673,0
DA:40674,0
DA:40677,0
DA:40680,0
DA:40715,0
DA:40718,0
DA:40753,0
DA:40756,0
DA:40793,0
DA:40795,0
DA:40812,0
DA:40836,0
DA:40839,0
DA:40875,0
DA:40878,0
DA:40882,0
DA:40895,0
DA:40896,0
DA:40898,0
DA:40902,0
DA:40906,0
DA:40910,0
DA:40914,0
DA:40918,0
DA:40922,0
DA:40926,0
DA:40930,0
DA:40941,0
DA:40951,0
DA:40972,0
DA:40974,0
DA:40977,0
DA:40980,0
DA:40981,0
DA:40982,0
DA:40983,0
DA:40984,0
DA:40985,0
DA:40986,0
DA:40987,0
DA:40988,0
DA:40989,0
DA:40990,0
DA:40991,0
DA:40992,0
DA:40993,0
DA:40994,0
DA:40995,0
DA:40996,0
DA:40999,0
DA:41000,0
DA:41001,0
DA:41002,0
DA:41003,0
DA:41004,0
DA:41005,0
DA:41006,0
DA:41007,0
DA:41008,0
DA:41009,0
DA:41010,0
DA:41015,0
DA:41019,0
DA:41024,0
DA:41434,0
DA:41435,0
DA:41436,0
DA:41437,0
DA:41438,0
DA:41439,0
DA:41440,0
DA:41441,0
DA:41442,0
DA:41443,0
DA:41447,0
DA:41857,0
DA:41858,0
DA:41859,0
DA:41860,0
DA:41861,0
DA:41862,0
DA:41863,0
DA:41864,0
DA:41865,0
DA:41866,0
DA:41870,0
DA:42282,0
DA:42283,0
DA:42284,0
DA:42285,0
DA:42286,0
DA:42287,0
DA:42288,0
DA:42289,0
DA:42290,0
DA:42291,0
DA:42294,0
DA:42297,0
DA:42332,0
DA:42335,0
DA:42370,0
DA:42373,0
DA:42410,0
DA:42412,0
DA:42428,0
DA:42451,0
DA:42454,0
DA:42491,0
DA:42494,0
DA:42498,0
DA:42512,0
DA:42513,0
DA:42515,0
DA:42519,0
DA:42523,0
DA:42527,0
DA:42531,0
DA:42535,0
DA:42539,0
DA:42543,0
DA:42547,0
DA:42551,0
DA:42562,0
DA:42573,0
DA:42596,0
DA:42598,0
DA:42601,0
DA:42604,0
DA:42605,0
DA:42606,0
DA:42607,0
DA:42608,0
DA:42609,0
DA:42610,0
DA:42611,0
DA:42612,0
DA:42613,0
DA:42614,0
DA:42615,0
DA:42616,0
DA:42617,0
DA:42618,0
DA:42619,0
DA:42620,0
DA:42621,0
DA:42622,0
DA:42625,0
DA:42626,0
DA:42627,0
DA:42628,0
DA:42629,0
DA:42630,0
DA:42631,0
DA:42632,0
DA:42633,0
DA:42634,0
DA:42635,0
DA:42636,0
DA:42637,0
DA:42642,0
DA:42646,0
DA:42648,0
DA:43058,0
DA:43059,0
DA:43060,0
DA:43061,0
DA:43062,0
DA:43063,0
DA:43064,0
DA:43065,0
DA:43066,0
DA:43067,0
DA:43068,0
DA:43072,0
DA:43482,0
DA:43483,0
DA:43484,0
DA:43485,0
DA:43486,0
DA:43487,0
DA:43488,0
DA:43489,0
DA:43490,0
DA:43491,0
DA:43492,0
DA:43496,0
DA:43908,0
DA:43909,0
DA:43910,0
DA:43911,0
DA:43912,0
DA:43913,0
DA:43914,0
DA:43915,0
DA:43916,0
DA:43917,0
DA:43918,0
DA:43921,0
DA:43924,0
DA:43959,0
DA:43962,0
DA:43997,0
DA:44000,0
DA:44037,0
DA:44039,0
DA:44056,0
DA:44080,0
DA:44083,0
DA:44120,0
DA:44123,0
DA:44127,0
DA:44141,0
DA:44142,0
DA:44144,0
DA:44148,0
DA:44152,0
DA:44156,0
DA:44160,0
DA:44164,0
DA:44168,0
DA:44172,0
DA:44176,0
DA:44179,0
DA:44180,0
DA:44191,0
DA:44202,0
DA:44225,0
DA:44227,0
DA:44230,0
DA:44233,0
DA:44234,0
DA:44235,0
DA:44236,0
DA:44237,0
DA:44238,0
DA:44239,0
DA:44240,0
DA:44241,0
DA:44242,0
DA:44243,0
DA:44244,0
DA:44245,0
DA:44246,0
DA:44247,0
DA:44248,0
DA:44249,0
DA:44250,0
DA:44251,0
DA:44254,0
DA:44255,0
DA:44256,0
DA:44257,0
DA:44258,0
DA:44259,0
DA:44260,0
DA:44261,0
DA:44262,0
DA:44263,0
DA:44264,0
DA:44265,0
DA:44266,0
DA:44271,0
DA:44275,0
DA:44277,0
DA:44687,0
DA:44688,0
DA:44689,0
DA:44690,0
DA:44691,0
DA:44692,0
DA:44693,0
DA:44694,0
DA:44695,0
DA:44696,0
DA:44697,0
DA:44701,0
DA:45111,0
DA:45112,0
DA:45113,0
DA:45114,0
DA:45115,0
DA:45116,0
DA:45117,0
DA:45118,0
DA:45119,0
DA:45120,0
DA:45121,0
DA:45125,0
DA:45537,0
DA:45538,0
DA:45539,0
DA:45540,0
DA:45541,0
DA:45542,0
DA:45543,0
DA:45544,0
DA:45545,0
DA:45546,0
DA:45547,0
DA:45550,0
DA:45553,0
DA:45588,0
DA:45591,0
DA:45626,0
DA:45629,0
DA:45666,0
DA:45668,0
DA:45685,0
DA:45709,0
DA:45712,0
DA:45749,0
DA:45752,0
DA:45756,0
DA:45770,0
DA:45771,0
DA:45773,0
DA:45777,0
DA:45781,0
DA:45785,0
DA:45789,0
DA:45793,0
DA:45797,0
DA:45801,0
DA:45805,0
DA:45809,0
DA:45820,0
DA:45832,0
DA:45853,0
DA:45855,0
DA:45857,0
DA:45860,0
DA:45862,0
DA:45865,0
DA:45868,0
DA:45869,0
DA:45870,0
DA:45871,0
DA:45872,0
DA:45873,0
DA:45874,0
DA:45875,0
DA:45876,0
DA:45877,0
DA:45878,0
DA:45879,0
DA:45880,0
DA:45881,0
DA:45882,0
DA:45883,0
DA:45884,0
DA:45885,0
DA:45888,0
DA:45889,0
DA:45890,0
DA:45891,0
DA:45892,0
DA:45893,0
DA:45894,0
DA:45895,0
DA:45896,0
DA:45897,0
DA:45898,0
DA:45899,0
DA:45900,0
DA:45905,0
DA:45909,0
DA:45911,0
DA:46321,0
DA:46322,0
DA:46323,0
DA:46324,0
DA:46325,0
DA:46326,0
DA:46327,0
DA:46328,0
DA:46329,0
DA:46330,0
DA:46331,0
DA:46335,0
DA:46745,0
DA:46746,0
DA:46747,0
DA:46748,0
DA:46749,0
DA:46750,0
DA:46751,0
DA:46752,0
DA:46753,0
DA:46754,0
DA:46755,0
DA:46759,0
DA:47171,0
DA:47172,0
DA:47173,0
DA:47174,0
DA:47175,0
DA:47176,0
DA:47177,0
DA:47178,0
DA:47179,0
DA:47180,0
DA:47181,0
DA:47184,0
DA:47187,0
DA:47222,0
DA:47225,0
DA:47260,0
DA:47263,0
DA:47300,0
DA:47302,0
DA:47319,0
DA:47343,0
DA:47346,0
DA:47383,0
DA:47386,0
DA:47390,0
DA:47404,0
DA:47405,0
DA:47407,0
DA:47411,0
DA:47415,0
DA:47419,0
DA:47423,0
DA:47427,0
DA:47431,0
DA:47435,0
DA:47439,0
DA:47443,0
DA:47454,0
DA:47465,0
DA:47488,0
DA:47490,0
DA:47493,0
DA:47496,0
DA:47497,0
DA:47498,0
DA:47499,0
DA:47500,0
DA:47501,0
DA:47502,0
DA:47503,0
DA:47504,0
DA:47505,0
DA:47506,0
DA:47507,0
DA:47508,0
DA:47509,0
DA:47510,0
DA:47511,0
DA:47512,0
DA:47513,0
DA:47516,0
DA:47517,0
DA:47518,0
DA:47519,0
DA:47520,0
DA:47521,0
DA:47522,0
DA:47523,0
DA:47524,0
DA:47525,0
DA:47526,0
DA:47527,0
DA:47528,0
DA:47533,0
DA:47537,0
DA:47542,0
DA:47952,0
DA:47953,0
DA:47954,0
DA:47955,0
DA:47956,0
DA:47957,0
DA:47958,0
DA:47959,0
DA:47960,0
DA:47961,0
DA:47962,0
DA:47966,0
DA:48376,0
DA:48377,0
DA:48378,0
DA:48379,0
DA:48380,0
DA:48381,0
DA:48382,0
DA:48383,0
DA:48384,0
DA:48385,0
DA:48386,0
DA:48390,0
DA:48802,0
DA:48803,0
DA:48804,0
DA:48805,0
DA:48806,0
DA:48807,0
DA:48808,0
DA:48809,0
DA:48810,0
DA:48811,0
DA:48812,0
DA:48815,0
DA:48818,0
DA:48853,0
DA:48856,0
DA:48891,0
DA:48894,0
DA:48931,0
DA:48933,0
DA:48950,0
DA:48974,0
DA:48977,0
DA:49014,0
DA:49017,0
DA:49021,0
DA:49035,0
DA:49036,0
DA:49038,0
DA:49042,0
DA:49046,0
DA:49050,0
DA:49054,0
DA:49058,0
DA:49062,0
DA:49066,0
DA:49070,0
DA:49074,0
DA:49085,0
DA:49096,0
DA:49119,0
DA:49121,0
DA:49124,0
DA:49127,0
DA:49128,0
DA:49129,0
DA:49130,0
DA:49131,0
DA:49132,0
DA:49133,0
DA:49134,0
DA:49135,0
DA:49136,0
DA:49137,0
DA:49138,0
DA:49139,0
DA:49140,0
DA:49141,0
DA:49142,0
DA:49143,0
DA:49144,0
DA:49147,0
DA:49148,0
DA:49149,0
DA:49150,0
DA:49151,0
DA:49152,0
DA:49153,0
DA:49154,0
DA:49155,0
DA:49156,0
DA:49157,0
DA:49158,0
DA:49159,0
DA:49164,0
DA:49168,0
DA:49173,0
DA:49583,0
DA:49584,0
DA:49585,0
DA:49586,0
DA:49587,0
DA:49588,0
DA:49589,0
DA:49590,0
DA:49591,0
DA:49592,0
DA:49593,0
DA:49597,0
DA:50007,0
DA:50008,0
DA:50009,0
DA:50010,0
DA:50011,0
DA:50012,0
DA:50013,0
DA:50014,0
DA:50015,0
DA:50016,0
DA:50017,0
DA:50021,0
DA:50433,0
DA:50434,0
DA:50435,0
DA:50436,0
DA:50437,0
DA:50438,0
DA:50439,0
DA:50440,0
DA:50441,0
DA:50442,0
DA:50443,0
DA:50446,0
DA:50449,0
DA:50484,0
DA:50487,0
DA:50522,0
DA:50525,0
DA:50562,0
DA:50564,0
DA:50581,0
DA:50605,0
DA:50608,0
DA:50644,0
DA:50647,0
DA:50651,0
DA:50664,0
DA:50665,0
DA:50667,0
DA:50671,0
DA:50675,0
DA:50679,0
DA:50683,0
DA:50687,0
DA:50691,0
DA:50695,0
DA:50699,0
DA:50710,0
DA:50720,0
DA:50741,0
DA:50743,0
DA:50746,0
DA:50749,0
DA:50750,0
DA:50751,0
DA:50752,0
DA:50753,0
DA:50754,0
DA:50755,0
DA:50756,0
DA:50757,0
DA:50758,0
DA:50759,0
DA:50760,0
DA:50761,0
DA:50762,0
DA:50763,0
DA:50764,0
DA:50765,0
DA:50768,0
DA:50769,0
DA:50770,0
DA:50771,0
DA:50772,0
DA:50773,0
DA:50774,0
DA:50775,0
DA:50776,0
DA:50777,0
DA:50778,0
DA:50779,0
DA:50784,0
DA:50788,0
DA:50793,0
DA:51203,0
DA:51204,0
DA:51205,0
DA:51206,0
DA:51207,0
DA:51208,0
DA:51209,0
DA:51210,0
DA:51211,0
DA:51212,0
DA:51216,0
DA:51626,0
DA:51627,0
DA:51628,0
DA:51629,0
DA:51630,0
DA:51631,0
DA:51632,0
DA:51633,0
DA:51634,0
DA:51635,0
DA:51639,0
DA:52051,0
DA:52052,0
DA:52053,0
DA:52054,0
DA:52055,0
DA:52056,0
DA:52057,0
DA:52058,0
DA:52059,0
DA:52060,0
DA:52063,0
DA:52066,0
DA:52101,0
DA:52104,0
DA:52139,0
DA:52142,0
DA:52179,0
DA:52181,0
DA:52197,0
DA:52220,0
DA:52223,0
LF:3245
LH:45
end_of_record
SF:/Users/harukiinoue/StudioProjects/notion-dart-kit/lib/src/models/block.dart
DA:13,2
DA:453,1
DA:454,1
DA:455,1
DA:456,2
DA:457,2
DA:458,2
DA:459,2
DA:460,1
DA:461,1
DA:463,1
DA:464,1
DA:465,1
DA:468,1
DA:469,1
DA:479,1
DA:480,1
DA:483,1
DA:484,1
DA:494,1
DA:495,1
DA:498,1
DA:499,0
DA:509,0
DA:510,0
DA:513,1
DA:514,0
DA:524,0
DA:525,0
DA:528,1
DA:529,0
DA:539,0
DA:540,0
DA:543,1
DA:544,0
DA:554,0
DA:555,0
DA:558,1
DA:559,1
DA:569,2
DA:571,0
DA:572,0
DA:582,0
DA:583,0
DA:586,0
DA:587,0
DA:597,0
DA:599,0
DA:600,0
DA:610,0
DA:612,0
DA:613,0
DA:624,0
DA:625,0
DA:635,0
DA:636,0
DA:639,0
DA:642,0
DA:643,0
DA:653,0
DA:655,0
DA:656,0
DA:666,0
DA:668,0
DA:669,0
DA:670,0
DA:681,0
DA:682,0
DA:683,0
DA:684,0
DA:686,0
DA:688,0
DA:689,0
DA:690,0
DA:701,0
DA:702,0
DA:703,0
DA:704,0
DA:707,0
DA:708,0
DA:709,0
DA:719,0
DA:720,0
DA:721,0
DA:722,0
DA:723,0
DA:726,0
DA:727,0
DA:737,0
DA:739,0
DA:740,0
DA:750,0
DA:752,0
DA:753,0
DA:754,0
DA:764,0
DA:765,0
DA:766,0
DA:768,0
DA:769,0
DA:770,0
DA:780,0
DA:781,0
DA:782,0
DA:783,0
DA:784,0
DA:786,0
DA:788,0
DA:789,0
DA:790,0
DA:800,0
DA:802,0
DA:803,0
DA:814,0
DA:815,0
DA:816,0
DA:826,0
DA:828,0
DA:829,0
DA:840,0
DA:841,0
DA:842,0
DA:852,0
DA:854,0
DA:855,0
DA:856,0
DA:866,0
DA:867,0
DA:871,0
DA:872,0
DA:873,0
DA:883,0
DA:884,0
DA:885,0
DA:887,0
DA:888,0
DA:889,0
DA:899,0
DA:901,0
DA:902,0
DA:903,0
DA:913,0
DA:916,0
DA:931,4
DA:933,2
DA:944,2
DA:947,2
DA:948,2
DA:949,2
DA:950,2
DA:951,2
DA:956,2
DA:959,0
DA:970,0
DA:973,0
DA:974,0
DA:975,0
DA:976,0
DA:977,0
DA:982,0
DA:985,0
DA:996,0
DA:999,0
DA:1000,0
DA:1001,0
DA:1002,0
DA:1003,0
DA:1008,0
DA:1011,0
DA:1022,0
DA:1025,0
DA:1026,0
DA:1027,0
DA:1028,0
DA:1029,0
DA:1034,0
DA:1037,0
DA:1048,0
DA:1051,0
DA:1052,0
DA:1053,0
DA:1054,0
DA:1055,0
DA:1060,0
DA:1063,0
DA:1074,0
DA:1077,0
DA:1078,0
DA:1079,0
DA:1080,0
DA:1081,0
DA:1086,0
DA:1089,0
DA:1100,0
DA:1103,0
DA:1104,0
DA:1105,0
DA:1106,0
DA:1107,0
DA:1112,0
DA:1115,0
DA:1126,0
DA:1129,0
DA:1130,0
DA:1131,0
DA:1132,0
DA:1133,0
DA:1138,0
DA:1141,0
DA:1152,0
DA:1155,0
DA:1156,0
DA:1157,0
DA:1158,0
DA:1159,0
DA:1164,0
DA:1167,0
DA:1178,0
DA:1181,0
DA:1182,0
DA:1183,0
DA:1184,0
DA:1185,0
DA:1190,0
DA:1193,0
DA:1203,0
DA:1206,0
DA:1207,0
DA:1208,0
DA:1209,0
DA:1210,0
DA:1215,0
DA:1218,0
DA:1230,0
DA:1233,0
DA:1234,0
DA:1235,0
DA:1236,0
DA:1237,0
DA:1242,0
DA:1245,0
DA:1256,0
DA:1259,0
DA:1260,0
DA:1261,0
DA:1262,0
DA:1263,0
DA:1271,0
DA:1282,0
DA:1285,0
DA:1286,0
DA:1287,0
DA:1288,0
DA:1289,0
DA:1297,0
DA:1310,0
DA:1313,0
DA:1314,0
DA:1315,0
DA:1316,0
DA:1317,0
DA:1322,0
DA:1325,0
DA:1326,0
DA:1330,0
DA:1342,0
DA:1345,0
DA:1346,0
DA:1347,0
DA:1348,0
DA:1349,0
DA:1354,0
DA:1357,0
DA:1361,0
DA:1373,0
DA:1376,0
DA:1377,0
DA:1378,0
DA:1379,0
DA:1380,0
DA:1385,0
DA:1386,0
DA:1388,0
DA:1392,0
DA:1403,0
DA:1406,0
DA:1407,0
DA:1408,0
DA:1409,0
DA:1410,0
DA:1415,0
DA:1418,0
DA:1429,0
DA:1432,0
DA:1433,0
DA:1434,0
DA:1435,0
DA:1436,0
DA:1441,0
DA:1444,0
DA:1457,0
DA:1460,0
DA:1461,0
DA:1462,0
DA:1463,0
DA:1464,0
DA:1469,0
DA:1476,0
DA:1487,0
DA:1490,0
DA:1491,0
DA:1492,0
DA:1493,0
DA:1494,0
DA:1499,0
DA:1501,0
DA:1502,0
DA:1506,0
DA:1517,0
DA:1520,0
DA:1521,0
DA:1522,0
DA:1523,0
DA:1524,0
DA:1529,0
DA:1532,0
DA:1542,0
DA:1545,0
DA:1546,0
DA:1547,0
DA:1548,0
DA:1549,0
DA:1554,0
DA:1557,0
DA:1568,0
DA:1571,0
DA:1572,0
DA:1573,0
DA:1574,0
DA:1575,0
DA:1580,0
DA:1583,0
DA:1593,0
DA:1596,0
DA:1597,0
DA:1598,0
DA:1599,0
DA:1600,0
DA:1605,0
DA:1608,0
DA:1619,0
DA:1622,0
DA:1623,0
DA:1624,0
DA:1625,0
DA:1626,0
DA:1631,0
DA:1634,0
DA:1645,0
DA:1648,0
DA:1649,0
DA:1650,0
DA:1651,0
DA:1652,0
DA:1657,0
DA:1659,0
DA:1663,0
DA:1674,0
DA:1677,0
DA:1678,0
DA:1679,0
DA:1680,0
DA:1681,0
DA:1686,0
DA:1689,0
DA:1700,0
DA:1703,0
DA:1704,0
DA:1705,0
DA:1706,0
DA:1707,0
DA:1712,0
DA:1715,0
DA:1726,0
DA:1729,0
DA:1730,0
DA:1731,0
DA:1732,0
DA:1733,0
DA:1738,0
DA:1741,0
DA:1751,0
DA:1754,0
DA:1755,0
DA:1756,0
DA:1757,0
DA:1758,0
LF:397
LH:37
end_of_record
SF:/Users/harukiinoue/StudioProjects/notion-dart-kit/lib/src/models/block_content.freezed.dart
DA:12,0
DA:14,0
DA:18,0
DA:19,0
DA:24,0
DA:25,0
DA:26,0
DA:29,0
DA:33,0
DA:35,0
DA:51,0
DA:60,0
DA:67,0
DA:68,0
DA:70,0
DA:74,0
DA:77,0
DA:78,0
DA:103,0
DA:106,0
DA:110,0
DA:117,0
DA:118,0
DA:120,0
DA:124,0
DA:127,0
DA:128,0
DA:139,2
DA:145,0
DA:146,0
DA:149,2
DA:152,4
DA:154,4
DA:164,0
DA:166,0
DA:169,0
DA:172,0
DA:173,0
DA:174,0
DA:175,0
DA:176,0
DA:177,0
DA:180,0
DA:182,0
DA:183,0
DA:184,0
DA:185,0
DA:186,0
DA:191,0
DA:195,0
DA:197,2
DA:199,2
DA:222,0
DA:225,0
DA:228,0
DA:229,0
DA:234,0
DA:235,0
DA:236,0
DA:239,0
DA:243,0
DA:245,0
DA:261,0
DA:270,0
DA:277,0
DA:278,0
DA:280,0
DA:284,0
DA:288,0
DA:313,0
DA:316,0
DA:320,0
DA:327,0
DA:328,0
DA:330,0
DA:334,0
DA:338,0
DA:349,1
DA:355,0
DA:356,0
DA:359,0
DA:362,0
DA:364,0
DA:374,0
DA:376,0
DA:379,0
DA:382,0
DA:383,0
DA:384,0
DA:385,0
DA:386,0
DA:389,0
DA:391,0
DA:392,0
DA:393,0
DA:394,0
DA:395,0
DA:400,0
DA:404,0
DA:406,0
DA:408,0
DA:431,0
DA:434,0
DA:437,0
DA:438,0
DA:443,0
DA:444,0
DA:445,0
DA:448,0
DA:452,0
DA:454,0
DA:470,0
DA:479,0
DA:486,0
DA:487,0
DA:489,0
DA:493,0
DA:497,0
DA:522,0
DA:525,0
DA:529,0
DA:536,0
DA:537,0
DA:539,0
DA:543,0
DA:547,0
DA:558,0
DA:565,0
DA:566,0
DA:569,0
DA:572,0
DA:574,0
DA:578,0
DA:581,0
DA:583,0
DA:590,0
DA:592,0
DA:595,0
DA:598,0
DA:599,0
DA:600,0
DA:601,0
DA:602,0
DA:603,0
DA:606,0
DA:608,0
DA:609,0
DA:610,0
DA:611,0
DA:612,0
DA:617,0
DA:621,0
DA:623,0
DA:625,0
DA:648,0
DA:651,0
LF:156
LH:7
end_of_record
SF:/Users/harukiinoue/StudioProjects/notion-dart-kit/lib/src/models/block_content.dart
DA:58,2
DA:59,1
DA:60,1
DA:61,3
DA:62,1
DA:63,0
DA:64,1
DA:65,1
DA:66,5
DA:67,1
DA:70,1
DA:83,2
DA:84,1
DA:85,1
DA:86,1
DA:87,1
DA:88,0
DA:89,1
DA:90,1
DA:91,5
DA:92,1
DA:95,1
DA:108,0
DA:109,0
DA:110,0
DA:111,0
DA:112,0
DA:113,0
DA:114,0
DA:115,0
DA:116,0
DA:117,0
DA:118,0
DA:119,0
DA:125,0
DA:126,0
DA:127,0
DA:128,0
DA:133,0
DA:134,0
DA:135,0
DA:136,0
DA:141,0
DA:142,0
DA:143,0
DA:144,0
DA:148,0
DA:150,0
DA:152,0
DA:154,0
DA:156,0
DA:158,0
DA:160,0
DA:162,0
DA:164,0
DA:166,0
DA:168,0
DA:170,0
DA:172,0
DA:174,0
DA:176,0
DA:178,0
DA:180,0
DA:182,0
DA:184,0
DA:186,0
LF:66
LH:20
end_of_record
SF:/Users/harukiinoue/StudioProjects/notion-dart-kit/lib/src/models/block_content.g.dart
DA:9,0
DA:10,0
DA:12,0
DA:13,0
DA:14,0
DA:17,0
DA:19,0
DA:22,2
DA:23,2
DA:24,2
DA:25,4
DA:26,2
DA:51,0
DA:52,0
DA:54,0
DA:55,0
DA:56,0
DA:59,0
DA:61,0
DA:64,0
DA:65,0
DA:66,0
DA:67,0
DA:68,0
DA:71,0
DA:72,0
DA:74,0
DA:75,0
DA:76,0
DA:79,0
DA:80,0
DA:81,0
DA:83,0
DA:86,0
DA:87,0
DA:88,0
DA:89,0
DA:90,0
LF:38
LH:5
end_of_record
SF:/Users/harukiinoue/StudioProjects/notion-dart-kit/lib/src/models/comment.freezed.dart
DA:12,0
DA:14,0
DA:20,0
DA:21,0
DA:26,0
DA:27,0
DA:32,0
DA:33,0
DA:39,0
DA:40,0
DA:45,0
DA:46,0
DA:51,0
DA:52,0
DA:58,0
DA:62,0
DA:64,0
DA:80,0
DA:89,0
DA:92,0
DA:93,0
DA:95,0
DA:120,0
DA:123,0
DA:127,0
DA:130,0
DA:131,0
DA:133,0
DA:144,0
DA:149,0
DA:151,0
DA:154,0
DA:157,0
DA:158,0
DA:159,0
DA:160,0
DA:163,0
DA:164,0
DA:168,0
DA:173,0
DA:178,0
DA:185,0
DA:188,0
DA:195,0
DA:198,0
DA:207,0
DA:209,0
DA:212,0
DA:219,0
DA:222,0
DA:229,0
DA:232,0
DA:241,0
DA:243,0
DA:250,0
DA:257,0
DA:260,0
DA:279,0
DA:282,0
DA:286,0
DA:289,0
DA:290,0
DA:292,0
DA:303,0
DA:308,0
DA:310,0
DA:313,0
DA:316,0
DA:317,0
DA:318,0
DA:319,0
DA:322,0
DA:323,0
DA:327,0
DA:331,0
DA:336,0
DA:343,0
DA:346,0
DA:353,0
DA:356,0
DA:365,0
DA:367,0
DA:370,0
DA:377,0
DA:380,0
DA:387,0
DA:390,0
DA:399,0
DA:401,0
DA:408,0
DA:415,0
DA:418,0
DA:437,0
DA:440,0
DA:444,0
DA:447,0
DA:448,0
DA:450,0
DA:461,0
DA:466,0
DA:468,0
DA:471,0
DA:474,0
DA:475,0
DA:476,0
DA:477,0
DA:480,0
DA:481,0
DA:485,0
DA:489,0
DA:494,0
DA:501,0
DA:504,0
DA:511,0
DA:514,0
DA:523,0
DA:525,0
DA:528,0
DA:535,0
DA:538,0
DA:545,0
DA:548,0
DA:557,0
DA:559,0
DA:566,0
DA:573,0
DA:576,0
DA:579,0
DA:580,0
DA:585,0
DA:586,0
DA:589,0
DA:593,0
DA:595,0
DA:613,0
DA:622,0
DA:625,0
DA:626,0
DA:628,0
DA:632,0
DA:642,0
DA:645,0
DA:646,0
DA:670,0
DA:673,0
DA:677,0
DA:680,0
DA:681,0
DA:683,0
DA:687,0
DA:698,0
DA:699,0
DA:701,0
DA:702,0
DA:709,0
DA:711,0
DA:714,0
DA:717,0
DA:718,0
DA:719,0
DA:720,0
DA:721,0
DA:724,0
DA:726,0
DA:730,0
DA:734,0
DA:739,0
DA:741,0
DA:750,0
DA:762,0
DA:765,0
DA:768,0
DA:769,0
DA:774,0
DA:775,0
DA:776,0
DA:777,0
DA:778,0
DA:779,0
DA:780,0
DA:781,0
DA:782,0
DA:783,0
DA:784,0
DA:787,0
DA:791,0
DA:792,0
DA:821,0
DA:830,0
DA:844,0
DA:845,0
DA:847,0
DA:851,0
DA:855,0
DA:859,0
DA:863,0
DA:867,0
DA:871,0
DA:875,0
DA:878,0
DA:879,0
DA:882,0
DA:883,0
DA:893,0
DA:896,0
DA:897,0
DA:903,0
DA:906,0
DA:907,0
DA:913,0
DA:916,0
DA:920,0
DA:921,0
DA:959,0
DA:962,0
DA:966,0
DA:980,0
DA:981,0
DA:983,0
DA:987,0
DA:991,0
DA:995,0
DA:999,0
DA:1003,0
DA:1007,0
DA:1011,0
DA:1014,0
DA:1015,0
DA:1018,0
DA:1019,0
DA:1030,0
DA:1043,0
DA:1045,0
DA:1046,0
DA:1063,0
DA:1065,0
DA:1067,0
DA:1071,0
DA:1073,0
DA:1075,0
DA:1077,0
DA:1083,0
DA:1085,0
DA:1088,0
DA:1091,0
DA:1092,0
DA:1093,0
DA:1094,0
DA:1095,0
DA:1096,0
DA:1097,0
DA:1098,0
DA:1099,0
DA:1100,0
DA:1101,0
DA:1102,0
DA:1103,0
DA:1104,0
DA:1105,0
DA:1106,0
DA:1107,0
DA:1109,0
DA:1110,0
DA:1113,0
DA:1115,0
DA:1116,0
DA:1117,0
DA:1118,0
DA:1119,0
DA:1120,0
DA:1121,0
DA:1122,0
DA:1123,0
DA:1124,0
DA:1125,0
DA:1126,0
DA:1131,0
DA:1135,0
DA:1137,0
DA:1139,0
DA:1156,0
DA:1183,0
DA:1186,0
LF:283
LH:0
end_of_record
SF:/Users/harukiinoue/StudioProjects/notion-dart-kit/lib/src/models/comment.dart
DA:14,0
DA:25,0
DA:26,0
DA:27,0
DA:29,0
DA:30,0
DA:31,0
DA:32,0
DA:33,0
DA:34,0
DA:36,0
DA:40,0
DA:41,0
DA:43,0
DA:45,0
DA:46,0
DA:58,0
DA:59,0
DA:60,0
DA:61,0
DA:64,0
DA:66,0
DA:67,0
DA:68,0
DA:69,0
DA:89,0
DA:91,0
DA:92,0
DA:93,0
DA:94,0
DA:95,0
DA:96,0
DA:97,0
DA:98,0
DA:99,0
DA:100,0
DA:101,0
DA:102,0
DA:103,0
DA:104,0
DA:105,0
DA:107,0
DA:108,0
DA:112,0
DA:113,0
DA:114,0
DA:115,0
DA:116,0
DA:117,0
DA:118,0
DA:119,0
DA:120,0
DA:121,0
DA:122,0
DA:123,0
DA:124,0
DA:130,0
DA:137,0
DA:138,0
DA:139,0
DA:140,0
DA:141,0
DA:142,0
DA:143,0
DA:144,0
DA:152,0
DA:153,0
DA:154,0
DA:155,0
DA:156,0
DA:157,0
DA:158,0
LF:72
LH:0
end_of_record
SF:/Users/harukiinoue/StudioProjects/notion-dart-kit/lib/src/models/comment.g.dart
DA:9,0
DA:11,0
DA:12,0
DA:13,0
DA:16,0
DA:18,0
DA:20,0
DA:21,0
DA:22,0
DA:23,0
DA:24,0
DA:25,0
DA:26,0
DA:27,0
DA:28,0
DA:29,0
DA:30,0
DA:31,0
DA:32,0
DA:33,0
DA:34,0
DA:35,0
DA:37,0
DA:38,0
DA:42,0
DA:43,0
DA:44,0
DA:45,0
DA:46,0
DA:47,0
DA:48,0
DA:49,0
DA:50,0
DA:51,0
DA:52,0
DA:53,0
LF:36
LH:0
end_of_record
SF:/Users/harukiinoue/StudioProjects/notion-dart-kit/lib/src/models/data_source.freezed.dart
DA:12,0
DA:14,0
DA:20,0
DA:21,0
DA:22,0
DA:23,0
DA:24,0
DA:25,0
DA:26,0
DA:27,0
DA:28,0
DA:29,0
DA:30,0
DA:31,0
DA:32,0
DA:36,0
DA:38,0
DA:72,0
DA:81,0
DA:97,0
DA:98,0
DA:100,0
DA:104,0
DA:108,0
DA:112,0
DA:116,0
DA:120,0
DA:124,0
DA:128,0
DA:132,0
DA:136,0
DA:139,0
DA:140,0
DA:143,0
DA:144,0
DA:154,0
DA:157,0
DA:158,0
DA:164,0
DA:167,0
DA:168,0
DA:174,0
DA:177,0
DA:181,0
DA:182,0
DA:188,0
DA:191,0
DA:195,0
DA:196,0
DA:239,0
DA:242,0
DA:246,0
DA:262,0
DA:263,0
DA:265,0
DA:269,0
DA:273,0
DA:277,0
DA:281,0
DA:285,0
DA:289,0
DA:293,0
DA:297,0
DA:301,0
DA:304,0
DA:305,0
DA:308,0
DA:309,0
DA:320,1
DA:335,1
DA:348,1
DA:350,2
DA:352,2
DA:356,1
DA:358,2
DA:360,2
DA:374,0
DA:376,0
DA:379,0
DA:382,0
DA:383,0
DA:384,0
DA:385,0
DA:386,0
DA:387,0
DA:388,0
DA:389,0
DA:390,0
DA:391,0
DA:392,0
DA:393,0
DA:394,0
DA:395,0
DA:397,0
DA:398,0
DA:399,0
DA:400,0
DA:401,0
DA:402,0
DA:403,0
DA:406,0
DA:407,0
DA:408,0
DA:409,0
DA:410,0
DA:411,0
DA:412,0
DA:413,0
DA:414,0
DA:415,0
DA:416,0
DA:417,0
DA:418,0
DA:419,0
DA:420,0
DA:425,0
DA:429,0
DA:447,2
DA:476,0
DA:479,0
LF:120
LH:9
end_of_record
SF:/Users/harukiinoue/StudioProjects/notion-dart-kit/lib/src/models/data_source.dart
DA:30,1
DA:32,2
DA:33,1
DA:34,2
DA:35,2
DA:36,2
DA:37,1
DA:38,1
DA:40,1
DA:41,3
DA:42,1
DA:43,2
DA:44,1
DA:45,2
DA:47,1
DA:48,1
DA:49,1
DA:50,1
DA:51,0
DA:53,1
DA:54,0
DA:58,0
DA:59,0
DA:60,0
DA:61,0
DA:62,0
DA:63,0
DA:64,0
DA:65,0
DA:66,0
DA:67,0
DA:68,0
DA:69,0
DA:70,0
LF:34
LH:19
end_of_record
SF:/Users/harukiinoue/StudioProjects/notion-dart-kit/lib/src/models/database.freezed.dart
DA:12,0
DA:14,0
DA:20,0
DA:21,0
DA:22,0
DA:23,0
DA:24,0
DA:25,0
DA:26,0
DA:27,0
DA:28,0
DA:29,0
DA:30,0
DA:31,0
DA:32,0
DA:33,0
DA:34,0
DA:35,0
DA:36,0
DA:40,0
DA:42,0
DA:80,0
DA:89,0
DA:110,0
DA:111,0
DA:113,0
DA:117,0
DA:121,0
DA:125,0
DA:129,0
DA:133,0
DA:137,0
DA:141,0
DA:145,0
DA:149,0
DA:153,0
DA:157,0
DA:160,0
DA:161,0
DA:164,0
DA:165,0
DA:168,0
DA:169,0
DA:172,0
DA:173,0
DA:176,0
DA:177,0
DA:187,0
DA:190,0
DA:191,0
DA:197,0
DA:200,0
DA:201,0
DA:207,0
DA:210,0
DA:211,0
DA:217,0
DA:220,0
DA:224,0
DA:225,0
DA:231,0
DA:234,0
DA:238,0
DA:239,0
DA:289,0
DA:292,0
DA:296,0
DA:317,0
DA:318,0
DA:320,0
DA:324,0
DA:328,0
DA:332,0
DA:336,0
DA:340,0
DA:344,0
DA:348,0
DA:352,0
DA:356,0
DA:360,0
DA:364,0
DA:367,0
DA:368,0
DA:371,0
DA:372,0
DA:375,0
DA:376,0
DA:379,0
DA:380,0
DA:383,0
DA:384,0
DA:395,3
DA:416,3
DA:431,1
DA:433,2
DA:435,2
DA:439,1
DA:441,2
DA:443,2
DA:455,1
DA:457,1
DA:459,0
DA:461,0
DA:473,0
DA:475,0
DA:478,0
DA:481,0
DA:482,0
DA:483,0
DA:484,0
DA:485,0
DA:486,0
DA:487,0
DA:488,0
DA:489,0
DA:490,0
DA:491,0
DA:492,0
DA:493,0
DA:494,0
DA:495,0
DA:496,0
DA:498,0
DA:499,0
DA:500,0
DA:501,0
DA:502,0
DA:503,0
DA:504,0
DA:505,0
DA:506,0
DA:508,0
DA:509,0
DA:510,0
DA:511,0
DA:512,0
DA:513,0
DA:516,0
DA:517,0
DA:518,0
DA:519,0
DA:520,0
DA:521,0
DA:522,0
DA:523,0
DA:524,0
DA:525,0
DA:526,0
DA:527,0
DA:528,0
DA:529,0
DA:530,0
DA:531,0
DA:532,0
DA:533,0
DA:534,0
DA:535,0
DA:540,0
DA:544,0
DA:567,6
DA:606,0
DA:609,0
DA:612,2
DA:613,2
DA:618,0
DA:619,0
DA:622,0
DA:626,0
DA:628,0
DA:644,0
DA:653,0
DA:656,0
DA:657,0
DA:659,0
DA:663,0
DA:688,0
DA:691,0
DA:695,0
DA:698,0
DA:699,0
DA:701,0
DA:705,0
DA:716,3
DA:718,2
DA:719,2
DA:726,0
DA:728,0
DA:731,0
DA:734,0
DA:735,0
DA:736,0
DA:737,0
DA:740,0
DA:742,0
DA:746,0
DA:750,0
DA:752,1
DA:754,1
DA:774,0
DA:777,0
LF:200
LH:18
end_of_record
SF:/Users/harukiinoue/StudioProjects/notion-dart-kit/lib/src/models/database.dart
DA:37,3
DA:39,4
DA:40,2
DA:41,4
DA:42,4
DA:43,4
DA:44,4
DA:45,4
DA:46,2
DA:47,6
DA:48,2
DA:49,2
DA:50,6
DA:51,2
DA:52,2
DA:53,2
DA:54,2
DA:55,2
DA:56,2
DA:57,0
DA:58,0
DA:59,0
DA:61,2
DA:62,0
DA:64,2
DA:65,0
DA:67,2
DA:68,2
DA:71,2
DA:72,2
DA:73,3
DA:74,3
DA:75,3
DA:76,3
DA:77,3
DA:78,6
DA:79,6
DA:80,2
DA:81,2
DA:82,2
DA:83,2
DA:84,1
DA:85,0
DA:86,1
DA:87,1
DA:88,1
DA:89,1
DA:99,2
DA:100,2
LF:49
LH:43
end_of_record
SF:/Users/harukiinoue/StudioProjects/notion-dart-kit/lib/src/models/database.g.dart
DA:9,2
DA:10,6
DA:12,1
DA:13,3
LF:4
LH:4
end_of_record
SF:/Users/harukiinoue/StudioProjects/notion-dart-kit/lib/src/models/file.freezed.dart
DA:12,0
DA:14,0
DA:20,0
DA:21,0
DA:25,0
DA:26,0
DA:30,0
DA:31,0
DA:36,0
DA:37,0
DA:41,0
DA:42,0
DA:46,0
DA:47,0
DA:52,0
DA:56,0
DA:58,0
DA:74,0
DA:83,0
DA:86,0
DA:87,0
DA:89,0
DA:114,0
DA:117,0
DA:121,0
DA:124,0
DA:125,0
DA:127,0
DA:138,2
DA:143,0
DA:145,0
DA:148,0
DA:151,0
DA:152,0
DA:153,0
DA:156,0
DA:157,0
DA:161,0
DA:165,0
DA:167,0
DA:173,0
DA:176,0
DA:182,0
DA:185,0
DA:193,0
DA:195,0
DA:198,1
DA:204,1
DA:207,0
DA:213,0
DA:216,0
DA:224,0
DA:226,0
DA:232,2
DA:239,0
DA:242,0
DA:261,0
DA:264,0
DA:268,0
DA:271,0
DA:272,0
DA:274,0
DA:278,0
DA:289,0
DA:290,0
DA:297,0
DA:299,0
DA:302,0
DA:305,0
DA:306,0
DA:307,0
DA:308,0
DA:309,0
DA:312,0
DA:313,0
DA:317,0
DA:321,0
DA:323,0
DA:329,0
DA:332,0
DA:338,0
DA:341,0
DA:349,0
DA:351,0
DA:354,0
DA:360,0
DA:363,0
DA:369,0
DA:372,0
DA:380,0
DA:382,0
DA:391,0
DA:399,0
DA:402,0
DA:405,0
DA:406,0
DA:411,0
DA:414,0
DA:418,0
DA:420,0
DA:434,0
DA:443,0
DA:446,0
DA:447,0
DA:449,0
DA:474,0
DA:477,0
DA:481,0
DA:484,0
DA:485,0
DA:487,0
DA:498,0
DA:500,0
DA:501,0
DA:506,0
DA:508,0
DA:511,0
DA:514,0
DA:515,0
DA:516,0
DA:519,0
DA:521,0
DA:525,0
DA:529,0
DA:531,0
DA:533,0
DA:548,0
DA:551,0
DA:556,0
DA:560,0
DA:561,0
DA:565,0
DA:566,0
DA:571,0
DA:572,0
DA:576,0
DA:577,0
DA:581,0
DA:582,0
DA:587,0
DA:599,0
DA:624,0
DA:627,0
DA:631,0
DA:634,0
DA:635,0
DA:637,0
DA:648,2
DA:653,0
DA:655,0
DA:658,0
DA:661,0
DA:662,0
DA:663,0
DA:666,0
DA:667,0
DA:671,0
DA:675,0
DA:677,0
DA:683,0
DA:686,0
DA:692,0
DA:695,0
DA:703,0
DA:705,0
DA:708,1
DA:714,1
DA:717,0
DA:723,0
DA:726,0
DA:734,0
DA:736,0
DA:743,2
DA:749,0
DA:751,0
DA:770,0
DA:773,0
DA:777,0
DA:780,0
DA:781,0
DA:783,0
DA:792,0
DA:795,0
DA:796,0
DA:804,0
DA:809,0
DA:811,0
DA:814,0
DA:817,0
DA:818,0
DA:819,0
DA:822,0
DA:823,0
DA:827,0
DA:831,0
DA:833,0
DA:839,0
DA:842,0
DA:848,0
DA:851,0
DA:859,0
DA:861,0
DA:864,0
DA:870,0
DA:873,0
DA:879,0
DA:882,0
DA:890,0
DA:892,0
DA:899,0
DA:905,0
DA:907,0
LF:212
LH:8
end_of_record
SF:/Users/harukiinoue/StudioProjects/notion-dart-kit/lib/src/models/file.dart
DA:9,1
DA:20,1
DA:21,1
DA:24,1
DA:25,1
DA:26,2
DA:27,0
DA:28,0
DA:29,0
DA:30,0
DA:31,0
DA:34,0
DA:38,0
DA:39,0
DA:41,0
DA:43,0
DA:45,0
DA:46,0
DA:47,0
DA:58,0
DA:59,0
DA:65,1
DA:71,1
DA:72,1
DA:75,1
DA:76,2
DA:77,0
DA:78,0
DA:79,0
DA:81,0
DA:85,0
DA:86,0
DA:87,0
LF:33
LH:11
end_of_record
SF:/Users/harukiinoue/StudioProjects/notion-dart-kit/lib/src/models/file.g.dart
DA:9,0
DA:10,0
DA:12,0
DA:13,0
LF:4
LH:0
end_of_record
SF:/Users/harukiinoue/StudioProjects/notion-dart-kit/lib/src/models/file_upload.dart
DA:3,0
DA:17,0
DA:18,0
DA:19,0
DA:20,0
DA:21,0
DA:22,0
DA:24,0
DA:25,0
DA:26,0
DA:27,0
DA:28,0
DA:29,0
DA:30,0
DA:45,0
DA:46,0
DA:47,0
DA:48,0
DA:49,0
DA:50,0
DA:51,0
DA:52,0
DA:53,0
DA:54,0
DA:55,0
DA:56,0
DA:63,0
DA:65,0
DA:67,0
DA:69,0
LF:30
LH:0
end_of_record
SF:/Users/harukiinoue/StudioProjects/notion-dart-kit/lib/src/models/page.freezed.dart
DA:12,0
DA:14,0
DA:20,0
DA:21,0
DA:22,0
DA:23,0
DA:24,0
DA:25,0
DA:26,0
DA:27,0
DA:28,0
DA:29,0
DA:30,0
DA:31,0
DA:32,0
DA:33,0
DA:37,0
DA:38,0
DA:73,0
DA:82,0
DA:100,0
DA:101,0
DA:103,0
DA:107,0
DA:111,0
DA:115,0
DA:119,0
DA:123,0
DA:127,0
DA:131,0
DA:135,0
DA:139,0
DA:143,0
DA:146,0
DA:147,0
DA:150,0
DA:151,0
DA:154,0
DA:155,0
DA:165,0
DA:168,0
DA:169,0
DA:175,0
DA:178,0
DA:179,0
DA:185,0
DA:188,0
DA:189,0
DA:195,0
DA:198,0
DA:202,0
DA:203,0
DA:209,0
DA:212,0
DA:216,0
DA:217,0
DA:263,0
DA:264,0
DA:268,0
DA:286,0
DA:287,0
DA:289,0
DA:293,0
DA:297,0
DA:301,0
DA:305,0
DA:309,0
DA:313,0
DA:317,0
DA:321,0
DA:325,0
DA:329,0
DA:332,0
DA:333,0
DA:336,0
DA:337,0
DA:340,0
DA:341,0
DA:352,6
DA:368,6
DA:389,3
DA:391,6
DA:393,6
DA:405,0
DA:407,0
DA:410,0
DA:413,0
DA:414,0
DA:415,0
DA:416,0
DA:417,0
DA:418,0
DA:419,0
DA:420,0
DA:421,0
DA:422,0
DA:423,0
DA:424,0
DA:425,0
DA:426,0
DA:427,0
DA:428,0
DA:429,0
DA:430,0
DA:431,0
DA:432,0
DA:434,0
DA:435,0
DA:436,0
DA:437,0
DA:438,0
DA:441,0
DA:442,0
DA:443,0
DA:444,0
DA:445,0
DA:446,0
DA:447,0
DA:448,0
DA:449,0
DA:450,0
DA:451,0
DA:452,0
DA:453,0
DA:454,0
DA:455,0
DA:456,0
DA:457,0
DA:462,0
DA:466,0
DA:486,12
DA:519,0
DA:522,0
LF:133
LH:6
end_of_record
SF:/Users/harukiinoue/StudioProjects/notion-dart-kit/lib/src/models/page.dart
DA:32,6
DA:34,12
DA:35,6
DA:36,12
DA:37,12
DA:38,12
DA:39,12
DA:40,12
DA:41,6
DA:42,6
DA:43,6
DA:44,12
DA:45,10
DA:47,6
DA:48,6
DA:49,0
DA:51,6
DA:52,0
DA:54,6
DA:57,2
DA:58,2
DA:59,3
DA:60,3
DA:61,3
DA:62,3
DA:63,3
DA:64,2
DA:65,2
DA:66,2
DA:67,2
DA:68,2
DA:69,1
DA:70,1
DA:71,1
DA:79,0
DA:85,0
DA:86,0
DA:87,0
DA:88,0
DA:89,0
DA:95,0
LF:41
LH:32
end_of_record
SF:/Users/harukiinoue/StudioProjects/notion-dart-kit/lib/src/models/pagination.dart
DA:5,3
DA:15,3
DA:18,3
DA:19,3
DA:20,3
DA:21,12
DA:22,3
DA:23,3
DA:24,3
DA:41,2
DA:42,1
DA:43,2
DA:44,4
DA:45,2
DA:46,3
LF:15
LH:15
end_of_record
SF:/Users/harukiinoue/StudioProjects/notion-dart-kit/lib/src/models/parent.freezed.dart
DA:12,0
DA:14,0
DA:20,0
DA:28,0
DA:29,0
DA:36,0
DA:37,0
DA:45,0
DA:46,0
DA:53,0
DA:54,0
DA:61,0
DA:62,0
DA:70,0
DA:82,0
DA:107,0
DA:110,0
DA:114,0
DA:117,0
DA:118,0
DA:120,0
DA:131,6
DA:136,0
DA:138,0
DA:141,0
DA:144,0
DA:145,0
DA:146,0
DA:147,0
DA:150,0
DA:151,0
DA:155,0
DA:159,0
DA:164,1
DA:174,2
DA:177,0
DA:186,0
DA:189,0
DA:200,0
DA:202,0
DA:205,0
DA:214,0
DA:217,0
DA:226,0
DA:229,0
DA:240,0
DA:242,0
DA:249,6
DA:255,0
DA:257,0
DA:274,0
DA:277,0
DA:281,0
DA:284,0
DA:285,0
DA:287,0
DA:290,0
DA:291,0
DA:302,0
DA:303,0
DA:310,0
DA:312,0
DA:315,0
DA:318,0
DA:319,0
DA:320,0
DA:321,0
DA:322,0
DA:323,0
DA:326,0
DA:327,0
DA:331,0
DA:335,0
DA:340,0
DA:350,0
DA:353,0
DA:362,0
DA:365,0
DA:376,0
DA:378,0
DA:381,0
DA:390,0
DA:393,0
DA:402,0
DA:405,0
DA:416,0
DA:418,0
DA:427,0
DA:434,0
DA:436,0
DA:453,0
DA:456,0
DA:460,0
DA:463,0
DA:464,0
DA:466,0
DA:477,14
DA:482,0
DA:484,0
DA:487,0
DA:490,0
DA:491,0
DA:492,0
DA:495,0
DA:496,0
DA:500,0
DA:504,0
DA:506,3
DA:516,6
DA:519,0
DA:528,0
DA:531,0
DA:542,0
DA:544,0
DA:547,0
DA:556,0
DA:559,0
DA:568,0
DA:571,0
DA:582,0
DA:584,0
DA:590,14
DA:596,0
DA:598,0
DA:613,0
DA:616,0
DA:625,54
DA:627,0
DA:632,0
DA:635,0
DA:638,0
DA:639,0
DA:641,0
DA:651,0
DA:654,0
DA:663,0
DA:666,0
DA:677,0
DA:679,0
DA:682,0
DA:691,0
DA:694,0
DA:703,0
DA:706,0
DA:717,0
DA:719,0
DA:725,54
DA:742,0
DA:745,0
DA:749,0
DA:752,0
DA:753,0
DA:755,0
DA:766,2
DA:771,0
DA:773,0
DA:776,0
DA:779,0
DA:780,0
DA:781,0
DA:784,0
DA:785,0
DA:789,0
DA:793,0
DA:795,1
DA:805,2
DA:808,0
DA:817,0
DA:820,0
DA:831,0
DA:833,0
DA:836,0
DA:845,0
DA:848,0
DA:857,0
DA:860,0
DA:871,0
DA:873,0
DA:880,2
DA:886,0
DA:888,0
LF:181
LH:14
end_of_record
SF:/Users/harukiinoue/StudioProjects/notion-dart-kit/lib/src/models/parent.dart
DA:8,27
DA:23,7
DA:24,7
DA:27,7
DA:28,6
DA:29,7
DA:30,0
DA:31,0
DA:32,0
DA:34,7
DA:35,8
DA:36,3
DA:38,0
DA:39,0
DA:41,0
DA:45,8
DA:46,2
DA:50,0
DA:51,0
DA:52,0
DA:53,0
DA:55,6
DA:56,0
DA:57,2
LF:24
LH:13
end_of_record
SF:/Users/harukiinoue/StudioProjects/notion-dart-kit/lib/src/models/property_item.freezed.dart
DA:12,0
DA:14,0
DA:21,0
DA:24,0
DA:27,0
DA:30,0
DA:33,0
DA:37,0
DA:39,0
DA:63,0
DA:72,0
DA:81,0
DA:82,0
DA:84,0
DA:88,0
DA:92,0
DA:96,0
DA:99,0
DA:100,0
DA:110,0
DA:113,0
DA:114,0
DA:144,0
DA:147,0
DA:151,0
DA:160,0
DA:161,0
DA:163,0
DA:167,0
DA:171,0
DA:175,0
DA:178,0
DA:179,0
DA:190,2
DA:219,0
DA:221,0
DA:224,0
DA:227,0
DA:228,0
DA:229,0
DA:230,0
DA:231,0
DA:232,0
DA:233,0
DA:236,0
DA:238,0
DA:242,0
DA:246,0
DA:280,0
DA:283,0
DA:289,0
DA:292,0
DA:295,0
DA:298,0
DA:301,0
DA:304,0
DA:307,0
DA:311,0
DA:313,0
DA:339,0
DA:348,0
DA:359,0
DA:360,0
DA:362,0
DA:366,0
DA:370,0
DA:374,0
DA:377,0
DA:378,0
DA:382,0
DA:385,0
DA:386,0
DA:396,0
DA:399,0
DA:400,0
DA:432,0
DA:435,0
DA:439,0
DA:450,0
DA:451,0
DA:453,0
DA:457,0
DA:461,0
DA:465,0
DA:468,0
DA:469,0
DA:473,0
DA:476,0
DA:477,0
DA:488,2
DA:502,2
DA:504,4
DA:506,4
DA:536,0
DA:538,0
DA:541,0
DA:544,0
DA:545,0
DA:546,0
DA:547,0
DA:548,0
DA:549,0
DA:550,0
DA:551,0
DA:552,0
DA:553,0
DA:554,0
DA:557,0
DA:558,0
DA:559,0
DA:560,0
DA:561,0
DA:562,0
DA:563,0
DA:564,0
DA:565,0
DA:566,0
DA:571,0
DA:575,0
DA:622,0
DA:625,0
LF:121
LH:5
end_of_record
SF:/Users/harukiinoue/StudioProjects/notion-dart-kit/lib/src/models/property_item.dart
DA:30,2
DA:31,2
DA:32,2
DA:35,2
DA:36,2
DA:37,2
DA:39,2
DA:41,2
DA:45,2
DA:46,2
DA:77,2
DA:78,2
DA:79,6
DA:80,2
DA:81,0
DA:83,2
DA:84,2
DA:86,2
DA:89,2
DA:90,2
DA:91,2
DA:92,2
DA:93,2
LF:23
LH:22
end_of_record
SF:/Users/harukiinoue/StudioProjects/notion-dart-kit/lib/src/models/property_schema.freezed.dart
DA:12,0
DA:14,0
DA:20,0
DA:21,0
DA:22,0
DA:79,0
DA:80,0
DA:128,0
DA:129,0
DA:178,0
DA:179,0
DA:204,0
DA:205,0
DA:229,0
DA:230,0
DA:255,0
DA:259,0
DA:261,0
DA:277,0
DA:286,0
DA:289,0
DA:290,0
DA:292,0
DA:296,0
DA:321,0
DA:324,0
DA:328,0
DA:331,0
DA:332,0
DA:334,0
DA:338,0
DA:349,0
DA:350,0
DA:357,0
DA:359,0
DA:362,0
DA:365,0
DA:366,0
DA:367,0
DA:368,0
DA:371,0
DA:372,0
DA:376,0
DA:381,0
DA:386,0
DA:445,0
DA:448,0
DA:498,0
DA:501,0
DA:553,0
DA:555,0
DA:558,0
DA:585,0
DA:588,0
DA:614,0
DA:617,0
DA:645,0
DA:647,0
DA:656,0
DA:665,0
DA:668,0
DA:687,0
DA:690,0
DA:694,0
DA:697,0
DA:698,0
DA:700,0
DA:704,0
DA:715,0
DA:716,0
DA:723,0
DA:725,0
DA:728,0
DA:731,0
DA:732,0
DA:733,0
DA:734,0
DA:737,0
DA:738,0
DA:742,0
DA:747,0
DA:752,0
DA:811,0
DA:814,0
DA:864,0
DA:867,0
DA:919,0
DA:921,0
DA:924,0
DA:951,0
DA:954,0
DA:980,0
DA:983,0
DA:1011,0
DA:1013,0
DA:1022,0
DA:1031,0
DA:1034,0
DA:1053,0
DA:1056,0
DA:1060,0
DA:1063,0
DA:1064,0
DA:1066,0
DA:1070,0
DA:1081,1
DA:1082,1
DA:1089,0
DA:1091,0
DA:1094,0
DA:1097,0
DA:1098,0
DA:1099,0
DA:1100,0
DA:1103,0
DA:1104,0
DA:1108,0
DA:1112,0
DA:1117,0
DA:1176,0
DA:1179,0
DA:1229,0
DA:1232,0
DA:1284,0
DA:1286,0
DA:1289,0
DA:1316,0
DA:1319,0
DA:1345,0
DA:1348,0
DA:1376,0
DA:1378,0
DA:1387,2
DA:1396,0
DA:1399,0
DA:1418,0
DA:1421,0
DA:1425,0
DA:1428,0
DA:1429,0
DA:1431,0
DA:1435,0
DA:1439,0
DA:1450,0
DA:1454,0
DA:1463,0
DA:1465,0
DA:1468,0
DA:1471,0
DA:1472,0
DA:1473,0
DA:1474,0
DA:1475,0
DA:1478,0
DA:1479,0
DA:1483,0
DA:1488,0
DA:1493,0
DA:1552,0
DA:1555,0
DA:1605,0
DA:1608,0
DA:1660,0
DA:1662,0
DA:1665,0
DA:1692,0
DA:1695,0
DA:1721,0
DA:1724,0
DA:1752,0
DA:1754,0
DA:1764,0
DA:1774,0
DA:1777,0
DA:1796,0
DA:1799,0
DA:1803,0
DA:1806,0
DA:1807,0
DA:1809,0
DA:1813,0
DA:1817,0
DA:1828,0
DA:1833,0
DA:1840,0
DA:1842,0
DA:1844,0
DA:1847,0
DA:1849,0
DA:1852,0
DA:1855,0
DA:1856,0
DA:1857,0
DA:1858,0
DA:1859,0
DA:1862,0
DA:1863,0
DA:1864,0
DA:1865,0
DA:1866,0
DA:1867,0
DA:1872,0
DA:1877,0
DA:1882,0
DA:1941,0
DA:1944,0
DA:1994,0
DA:1997,0
DA:2049,0
DA:2051,0
DA:2054,0
DA:2081,0
DA:2084,0
DA:2110,0
DA:2113,0
DA:2141,0
DA:2143,0
DA:2153,0
DA:2163,0
DA:2166,0
DA:2185,0
DA:2188,0
DA:2192,0
DA:2195,0
DA:2196,0
DA:2198,0
DA:2202,0
DA:2206,0
DA:2217,0
DA:2222,0
DA:2229,0
DA:2231,0
DA:2233,0
DA:2236,0
DA:2238,0
DA:2241,0
DA:2244,0
DA:2245,0
DA:2246,0
DA:2247,0
DA:2248,0
DA:2251,0
DA:2252,0
DA:2253,0
DA:2254,0
DA:2255,0
DA:2256,0
DA:2261,0
DA:2266,0
DA:2270,0
DA:2329,0
DA:2332,0
DA:2382,0
DA:2385,0
DA:2437,0
DA:2439,0
DA:2442,0
DA:2469,0
DA:2472,0
DA:2498,0
DA:2501,0
DA:2529,0
DA:2531,0
DA:2541,0
DA:2551,0
DA:2554,0
DA:2578,0
DA:2581,0
DA:2585,0
DA:2593,0
DA:2594,0
DA:2596,0
DA:2600,0
DA:2604,0
DA:2608,0
DA:2619,0
DA:2626,0
DA:2633,0
DA:2635,0
DA:2637,0
DA:2641,0
DA:2643,0
DA:2645,0
DA:2648,0
DA:2650,0
DA:2653,0
DA:2656,0
DA:2657,0
DA:2658,0
DA:2659,0
DA:2660,0
DA:2661,0
DA:2664,0
DA:2665,0
DA:2666,0
DA:2667,0
DA:2668,0
DA:2669,0
DA:2670,0
DA:2675,0
DA:2680,0
DA:2685,0
DA:2744,0
DA:2747,0
DA:2797,0
DA:2800,0
DA:2852,0
DA:2854,0
DA:2857,0
DA:2884,0
DA:2887,0
DA:2913,0
DA:2916,0
DA:2944,0
DA:2946,0
DA:2957,0
DA:2968,0
DA:2971,0
DA:2990,0
DA:2993,0
DA:2997,0
DA:3000,0
DA:3001,0
DA:3003,0
DA:3007,0
DA:3018,0
DA:3019,0
DA:3026,0
DA:3028,0
DA:3031,0
DA:3034,0
DA:3035,0
DA:3036,0
DA:3037,0
DA:3040,0
DA:3041,0
DA:3045,0
DA:3049,0
DA:3054,0
DA:3113,0
DA:3116,0
DA:3166,0
DA:3169,0
DA:3221,0
DA:3223,0
DA:3226,0
DA:3253,0
DA:3256,0
DA:3282,0
DA:3285,0
DA:3313,0
DA:3315,0
DA:3324,0
DA:3333,0
DA:3336,0
DA:3355,0
DA:3358,0
DA:3362,0
DA:3365,0
DA:3366,0
DA:3368,0
DA:3372,0
DA:3383,0
DA:3384,0
DA:3391,0
DA:3393,0
DA:3396,0
DA:3399,0
DA:3400,0
DA:3401,0
DA:3402,0
DA:3405,0
DA:3406,0
DA:3410,0
DA:3415,0
DA:3420,0
DA:3479,0
DA:3482,0
DA:3532,0
DA:3535,0
DA:3587,0
DA:3589,0
DA:3592,0
DA:3619,0
DA:3622,0
DA:3648,0
DA:3651,0
DA:3679,0
DA:3681,0
DA:3690,0
DA:3699,0
DA:3702,0
DA:3721,0
DA:3724,0
DA:3728,0
DA:3731,0
DA:3732,0
DA:3734,0
DA:3738,0
DA:3749,0
DA:3750,0
DA:3757,0
DA:3759,0
DA:3762,0
DA:3765,0
DA:3766,0
DA:3767,0
DA:3768,0
DA:3771,0
DA:3772,0
DA:3776,0
DA:3780,0
DA:3785,0
DA:3844,0
DA:3847,0
DA:3897,0
DA:3900,0
DA:3952,0
DA:3954,0
DA:3957,0
DA:3984,0
DA:3987,0
DA:4013,0
DA:4016,0
DA:4044,0
DA:4046,0
DA:4055,0
DA:4064,0
DA:4067,0
DA:4086,0
DA:4089,0
DA:4093,0
DA:4096,0
DA:4097,0
DA:4099,0
DA:4103,0
DA:4114,0
DA:4115,0
DA:4122,0
DA:4124,0
DA:4127,0
DA:4130,0
DA:4131,0
DA:4132,0
DA:4133,0
DA:4136,0
DA:4137,0
DA:4141,0
DA:4145,0
DA:4150,0
DA:4209,0
DA:4212,0
DA:4262,0
DA:4265,0
DA:4317,0
DA:4319,0
DA:4322,0
DA:4349,0
DA:4352,0
DA:4378,0
DA:4381,0
DA:4409,0
DA:4411,0
DA:4420,0
DA:4429,0
DA:4432,0
DA:4451,0
DA:4454,0
DA:4458,0
DA:4461,0
DA:4462,0
DA:4464,0
DA:4468,0
DA:4479,0
DA:4480,0
DA:4487,0
DA:4489,0
DA:4492,0
DA:4495,0
DA:4496,0
DA:4497,0
DA:4498,0
DA:4501,0
DA:4502,0
DA:4506,0
DA:4511,0
DA:4515,0
DA:4574,0
DA:4577,0
DA:4627,0
DA:4630,0
DA:4682,0
DA:4684,0
DA:4687,0
DA:4714,0
DA:4717,0
DA:4743,0
DA:4746,0
DA:4774,0
DA:4776,0
DA:4785,0
DA:4794,0
DA:4797,0
DA:4816,0
DA:4819,0
DA:4823,0
DA:4826,0
DA:4827,0
DA:4829,0
DA:4833,0
DA:4844,0
DA:4845,0
DA:4852,0
DA:4854,0
DA:4857,0
DA:4860,0
DA:4861,0
DA:4862,0
DA:4863,0
DA:4866,0
DA:4867,0
DA:4871,0
DA:4875,0
DA:4880,0
DA:4939,0
DA:4942,0
DA:4992,0
DA:4995,0
DA:5047,0
DA:5049,0
DA:5052,0
DA:5079,0
DA:5082,0
DA:5108,0
DA:5111,0
DA:5139,0
DA:5141,0
DA:5150,0
DA:5159,0
DA:5162,0
DA:5181,0
DA:5184,0
DA:5188,0
DA:5191,0
DA:5192,0
DA:5194,0
DA:5198,0
DA:5209,0
DA:5210,0
DA:5217,0
DA:5219,0
DA:5222,0
DA:5225,0
DA:5226,0
DA:5227,0
DA:5228,0
DA:5231,0
DA:5232,0
DA:5236,0
DA:5241,0
DA:5245,0
DA:5304,0
DA:5307,0
DA:5357,0
DA:5360,0
DA:5412,0
DA:5414,0
DA:5417,0
DA:5444,0
DA:5447,0
DA:5473,0
DA:5476,0
DA:5504,0
DA:5506,0
DA:5515,0
DA:5524,0
DA:5527,0
DA:5546,0
DA:5549,0
DA:5553,0
DA:5556,0
DA:5557,0
DA:5559,0
DA:5563,0
DA:5574,0
DA:5575,0
DA:5582,0
DA:5584,0
DA:5587,0
DA:5590,0
DA:5591,0
DA:5592,0
DA:5593,0
DA:5596,0
DA:5597,0
DA:5601,0
DA:5606,0
DA:5610,0
DA:5669,0
DA:5672,0
DA:5722,0
DA:5725,0
DA:5777,0
DA:5779,0
DA:5782,0
DA:5809,0
DA:5812,0
DA:5838,0
DA:5841,0
DA:5869,0
DA:5871,0
DA:5880,0
DA:5889,0
DA:5892,0
DA:5912,0
DA:5915,0
DA:5919,0
DA:5922,0
DA:5923,0
DA:5925,0
DA:5929,0
DA:5940,0
DA:5943,0
DA:5950,0
DA:5952,0
DA:5955,0
DA:5958,0
DA:5959,0
DA:5960,0
DA:5961,0
DA:5964,0
DA:5965,0
DA:5969,0
DA:5976,0
DA:5980,0
DA:6039,0
DA:6042,0
DA:6092,0
DA:6095,0
DA:6147,0
DA:6149,0
DA:6152,0
DA:6179,0
DA:6182,0
DA:6208,0
DA:6211,0
DA:6239,0
DA:6241,0
DA:6250,0
DA:6259,0
DA:6264,0
DA:6283,0
DA:6286,0
DA:6290,0
DA:6293,0
DA:6294,0
DA:6296,0
DA:6300,0
DA:6311,0
DA:6312,0
DA:6319,0
DA:6321,0
DA:6324,0
DA:6327,0
DA:6328,0
DA:6329,0
DA:6330,0
DA:6333,0
DA:6334,0
DA:6338,0
DA:6343,0
DA:6347,0
DA:6406,0
DA:6409,0
DA:6459,0
DA:6462,0
DA:6514,0
DA:6516,0
DA:6519,0
DA:6546,0
DA:6549,0
DA:6575,0
DA:6578,0
DA:6606,0
DA:6608,0
DA:6617,0
DA:6626,0
DA:6629,0
DA:6648,0
DA:6651,0
DA:6655,0
DA:6662,0
DA:6663,0
DA:6665,0
DA:6669,0
DA:6673,0
DA:6684,0
DA:6688,0
DA:6697,0
DA:6699,0
DA:6702,0
DA:6705,0
DA:6706,0
DA:6707,0
DA:6708,0
DA:6709,0
DA:6710,0
DA:6713,0
DA:6714,0
DA:6718,0
DA:6723,0
DA:6728,0
DA:6787,0
DA:6790,0
DA:6840,0
DA:6843,0
DA:6895,0
DA:6897,0
DA:6900,0
DA:6927,0
DA:6930,0
DA:6956,0
DA:6959,0
DA:6987,0
DA:6989,0
DA:6999,0
DA:7009,0
DA:7012,0
DA:7037,0
DA:7040,0
DA:7044,0
DA:7053,0
DA:7054,0
DA:7056,0
DA:7060,0
DA:7064,0
DA:7067,0
DA:7068,0
DA:7071,0
DA:7072,0
DA:7083,0
DA:7089,0
DA:7102,0
DA:7104,0
DA:7107,0
DA:7110,0
DA:7111,0
DA:7112,0
DA:7113,0
DA:7114,0
DA:7115,0
DA:7116,0
DA:7117,0
DA:7118,0
DA:7119,0
DA:7122,0
DA:7123,0
DA:7124,0
DA:7125,0
DA:7126,0
DA:7127,0
DA:7128,0
DA:7129,0
DA:7134,0
DA:7139,0
DA:7144,0
DA:7203,0
DA:7206,0
DA:7256,0
DA:7257,0
DA:7258,0
DA:7259,0
DA:7260,0
DA:7261,0
DA:7265,0
DA:7317,0
DA:7318,0
DA:7319,0
DA:7320,0
DA:7321,0
DA:7322,0
DA:7325,0
DA:7328,0
DA:7355,0
DA:7358,0
DA:7384,0
DA:7387,0
DA:7415,0
DA:7417,0
DA:7429,0
DA:7441,0
DA:7444,0
DA:7471,0
DA:7474,0
DA:7478,0
DA:7489,0
DA:7490,0
DA:7492,0
DA:7496,0
DA:7500,0
DA:7504,0
DA:7508,0
DA:7512,0
DA:7516,0
DA:7527,0
DA:7535,0
DA:7552,0
DA:7554,0
DA:7557,0
DA:7560,0
DA:7561,0
DA:7562,0
DA:7563,0
DA:7564,0
DA:7565,0
DA:7566,0
DA:7567,0
DA:7568,0
DA:7569,0
DA:7570,0
DA:7571,0
DA:7572,0
DA:7573,0
DA:7576,0
DA:7577,0
DA:7578,0
DA:7579,0
DA:7580,0
DA:7581,0
DA:7582,0
DA:7583,0
DA:7584,0
DA:7585,0
DA:7590,0
DA:7595,0
DA:7600,0
DA:7659,0
DA:7660,0
DA:7661,0
DA:7662,0
DA:7663,0
DA:7664,0
DA:7665,0
DA:7666,0
DA:7670,0
DA:7720,0
DA:7721,0
DA:7722,0
DA:7723,0
DA:7724,0
DA:7725,0
DA:7726,0
DA:7727,0
DA:7731,0
DA:7783,0
DA:7784,0
DA:7785,0
DA:7786,0
DA:7787,0
DA:7788,0
DA:7789,0
DA:7790,0
DA:7793,0
DA:7796,0
DA:7823,0
DA:7826,0
DA:7852,0
DA:7855,0
DA:7883,0
DA:7885,0
DA:7899,0
DA:7913,0
DA:7916,0
DA:7935,0
DA:7938,0
DA:7942,0
DA:7949,0
DA:7950,0
DA:7952,0
DA:7956,0
DA:7959,0
DA:7960,0
DA:7971,0
DA:7975,0
DA:7984,0
DA:7986,0
DA:7989,0
DA:7992,0
DA:7993,0
DA:7994,0
DA:7995,0
DA:7996,0
DA:7999,0
DA:8000,0
DA:8004,0
DA:8009,0
DA:8014,0
DA:8073,0
DA:8076,0
DA:8126,0
DA:8129,0
DA:8181,0
DA:8183,0
DA:8186,0
DA:8213,0
DA:8216,0
DA:8242,0
DA:8245,0
DA:8273,0
DA:8275,0
DA:8285,0
DA:8295,0
DA:8298,0
DA:8317,0
DA:8320,0
DA:8324,0
DA:8327,0
DA:8328,0
DA:8330,0
DA:8334,0
DA:8345,0
DA:8346,0
DA:8353,0
DA:8355,0
DA:8358,0
DA:8361,0
DA:8362,0
DA:8363,0
DA:8364,0
DA:8367,0
DA:8368,0
DA:8372,0
DA:8377,0
DA:8381,0
DA:8440,0
DA:8443,0
DA:8493,0
DA:8496,0
DA:8548,0
DA:8550,0
DA:8553,0
DA:8580,0
DA:8583,0
DA:8609,0
DA:8612,0
DA:8640,0
DA:8642,0
DA:8651,0
DA:8660,0
DA:8663,0
LF:950
LH:3
end_of_record
SF:/Users/harukiinoue/StudioProjects/notion-dart-kit/lib/src/models/property_schema.dart
DA:135,1
DA:137,1
DA:138,1
DA:139,1
DA:140,1
DA:143,1
DA:144,0
DA:145,1
DA:146,0
DA:147,1
DA:148,1
DA:149,0
DA:150,0
DA:151,0
DA:152,0
DA:153,0
DA:154,0
DA:155,0
DA:156,0
DA:157,0
DA:158,0
DA:159,0
DA:160,0
DA:161,0
DA:162,0
DA:163,0
DA:164,0
DA:165,0
DA:166,0
DA:167,0
DA:168,0
DA:169,0
DA:170,0
DA:171,0
DA:172,0
DA:173,0
DA:175,0
DA:181,0
DA:182,0
DA:183,0
DA:184,0
DA:185,0
DA:186,0
DA:187,0
DA:188,0
DA:189,0
DA:190,0
DA:191,0
DA:192,0
DA:193,0
DA:194,0
DA:195,0
DA:196,0
DA:197,0
DA:198,0
DA:199,0
DA:200,0
DA:201,0
DA:202,0
DA:203,0
DA:204,0
DA:209,0
DA:210,0
DA:211,0
DA:214,0
DA:215,0
DA:216,0
DA:218,0
DA:219,0
DA:220,0
DA:224,0
DA:226,0
DA:227,0
DA:229,0
DA:230,0
DA:232,0
DA:233,0
DA:234,0
DA:235,0
DA:236,0
DA:237,0
DA:239,0
DA:243,0
DA:244,0
DA:248,0
DA:250,0
DA:254,0
DA:256,0
DA:257,0
DA:261,0
DA:263,0
DA:267,0
DA:269,0
DA:273,0
DA:275,0
DA:279,0
DA:280,0
DA:284,0
DA:285,0
DA:289,0
DA:291,0
DA:292,0
DA:293,0
DA:297,0
DA:299,0
DA:300,0
DA:304,0
DA:306,0
DA:310,0
DA:312,0
DA:316,0
DA:318,0
DA:322,0
DA:324,0
DA:328,0
DA:330,0
DA:334,0
DA:335,0
DA:337,0
DA:338,0
DA:342,0
DA:350,0
DA:354,0
DA:362,0
DA:366,0
DA:368,0
DA:372,0
LF:127
LH:9
end_of_record
SF:/Users/harukiinoue/StudioProjects/notion-dart-kit/lib/src/models/property_value.freezed.dart
DA:12,0
DA:14,0
DA:18,2
DA:19,2
DA:20,2
DA:21,0
DA:22,2
DA:23,0
DA:24,2
DA:25,2
DA:26,1
DA:27,0
DA:28,1
DA:29,0
DA:30,1
DA:31,0
DA:32,1
DA:33,0
DA:34,1
DA:35,0
DA:36,1
DA:37,0
DA:38,1
DA:39,0
DA:40,1
DA:41,0
DA:42,1
DA:43,0
DA:44,1
DA:45,0
DA:46,1
DA:47,0
DA:48,1
DA:49,0
DA:50,1
DA:51,0
DA:52,1
DA:53,0
DA:54,1
DA:55,0
DA:56,1
DA:57,1
DA:58,0
DA:59,0
DA:60,0
DA:61,0
DA:62,0
DA:63,0
DA:66,0
DA:70,0
DA:77,0
DA:78,0
DA:105,0
DA:106,0
DA:130,0
DA:131,0
DA:156,0
DA:157,0
DA:181,0
DA:182,0
DA:206,0
DA:207,0
DA:232,0
DA:235,0
DA:239,0
DA:241,0
DA:257,0
DA:266,0
DA:269,0
DA:270,0
DA:272,0
DA:297,0
DA:300,0
DA:304,0
DA:307,0
DA:308,0
DA:310,0
DA:314,0
DA:325,1
DA:331,0
DA:332,0
DA:342,0
DA:344,0
DA:347,0
DA:350,0
DA:351,0
DA:352,0
DA:353,0
DA:354,0
DA:357,0
DA:359,0
DA:363,0
DA:367,0
DA:372,1
DA:401,3
DA:404,0
DA:430,0
DA:433,0
DA:461,0
DA:463,0
DA:466,0
DA:492,0
DA:495,0
DA:521,0
DA:524,0
DA:552,0
DA:554,0
DA:557,0
DA:559,0
DA:578,0
DA:581,0
DA:600,0
DA:603,0
DA:607,0
DA:610,0
DA:611,0
DA:613,0
DA:617,0
DA:628,0
DA:635,0
DA:636,0
DA:641,0
DA:643,0
DA:645,0
DA:651,0
DA:653,0
DA:656,0
DA:659,0
DA:660,0
DA:661,0
DA:662,0
DA:665,0
DA:667,0
DA:668,0
DA:669,0
DA:670,0
DA:675,0
DA:679,0
DA:684,0
DA:713,0
DA:716,0
DA:742,0
DA:745,0
DA:773,0
DA:775,0
DA:778,0
DA:804,0
DA:807,0
DA:833,0
DA:836,0
DA:864,0
DA:866,0
DA:869,0
DA:871,0
DA:890,0
DA:893,0
DA:912,0
DA:915,0
DA:919,0
DA:922,0
DA:923,0
DA:925,0
DA:929,0
DA:940,2
DA:947,2
DA:948,2
DA:953,2
DA:955,4
DA:957,4
DA:963,0
DA:965,0
DA:968,0
DA:971,0
DA:972,0
DA:973,0
DA:974,0
DA:977,0
DA:980,0
DA:984,0
DA:988,0
DA:990,2
DA:1019,6
DA:1022,0
DA:1048,0
DA:1051,0
DA:1079,0
DA:1081,0
DA:1084,0
DA:1110,0
DA:1113,0
DA:1139,0
DA:1142,0
DA:1170,0
DA:1172,0
DA:1175,0
DA:1177,0
DA:1196,0
DA:1199,0
DA:1218,0
DA:1221,0
DA:1225,0
DA:1228,0
DA:1229,0
DA:1231,0
DA:1234,0
DA:1235,0
DA:1246,1
DA:1252,0
DA:1253,0
DA:1263,0
DA:1265,0
DA:1268,0
DA:1271,0
DA:1272,0
DA:1273,0
DA:1274,0
DA:1277,0
DA:1279,0
DA:1283,0
DA:1287,0
DA:1292,1
DA:1321,3
DA:1324,0
DA:1350,0
DA:1353,0
DA:1381,0
DA:1383,0
DA:1386,0
DA:1412,0
DA:1415,0
DA:1441,0
DA:1444,0
DA:1472,0
DA:1474,0
DA:1477,0
DA:1479,0
DA:1498,0
DA:1501,0
DA:1522,0
DA:1525,0
DA:1529,0
DA:1532,0
DA:1533,0
DA:1535,0
DA:1538,0
DA:1539,0
DA:1548,0
DA:1551,0
DA:1555,0
DA:1556,0
DA:1564,1
DA:1570,0
DA:1571,0
DA:1581,0
DA:1583,0
DA:1586,0
DA:1589,0
DA:1590,0
DA:1591,0
DA:1592,0
DA:1595,0
DA:1597,0
DA:1601,0
DA:1605,0
DA:1610,1
DA:1639,3
DA:1642,0
DA:1668,0
DA:1671,0
DA:1699,0
DA:1701,0
DA:1704,0
DA:1730,0
DA:1733,0
DA:1759,0
DA:1762,0
DA:1790,0
DA:1792,0
DA:1795,0
DA:1797,0
DA:1816,0
DA:1819,0
DA:1838,0
DA:1841,0
DA:1845,0
DA:1848,0
DA:1849,0
DA:1851,0
DA:1855,0
DA:1866,1
DA:1873,0
DA:1874,0
DA:1879,1
DA:1881,2
DA:1883,2
DA:1889,0
DA:1891,0
DA:1894,0
DA:1897,0
DA:1898,0
DA:1899,0
DA:1900,0
DA:1901,0
DA:1902,0
DA:1906,0
DA:1908,0
DA:1909,0
DA:1910,0
DA:1911,0
DA:1916,0
DA:1920,0
DA:1925,1
DA:1954,3
DA:1957,0
DA:1983,0
DA:1986,0
DA:2014,0
DA:2016,0
DA:2019,0
DA:2045,0
DA:2048,0
DA:2074,0
DA:2077,0
DA:2105,0
DA:2107,0
DA:2110,0
DA:2112,0
DA:2131,0
DA:2134,0
DA:2155,0
DA:2158,0
DA:2162,0
DA:2165,0
DA:2166,0
DA:2168,0
DA:2171,0
DA:2172,0
DA:2181,0
DA:2184,0
DA:2188,0
DA:2189,0
DA:2197,0
DA:2203,0
DA:2204,0
DA:2214,0
DA:2216,0
DA:2219,0
DA:2222,0
DA:2223,0
DA:2224,0
DA:2225,0
DA:2228,0
DA:2230,0
DA:2234,0
DA:2238,0
DA:2243,0
DA:2272,0
DA:2275,0
DA:2301,0
DA:2304,0
DA:2332,0
DA:2334,0
DA:2337,0
DA:2363,0
DA:2366,0
DA:2392,0
DA:2395,0
DA:2423,0
DA:2425,0
DA:2428,0
DA:2430,0
DA:2449,0
DA:2452,0
DA:2473,0
DA:2476,0
DA:2480,0
DA:2483,0
DA:2484,0
DA:2486,0
DA:2489,0
DA:2490,0
DA:2499,0
DA:2502,0
DA:2506,0
DA:2507,0
DA:2515,1
DA:2521,0
DA:2522,0
DA:2532,0
DA:2534,0
DA:2537,0
DA:2540,0
DA:2541,0
DA:2542,0
DA:2543,0
DA:2546,0
DA:2548,0
DA:2552,0
DA:2556,0
DA:2558,1
DA:2587,3
DA:2590,0
DA:2616,0
DA:2619,0
DA:2647,0
DA:2649,0
DA:2652,0
DA:2678,0
DA:2681,0
DA:2707,0
DA:2710,0
DA:2738,0
DA:2740,0
DA:2743,0
DA:2745,0
DA:2764,0
DA:2767,0
DA:2786,0
DA:2789,0
DA:2793,0
DA:2796,0
DA:2797,0
DA:2799,0
DA:2803,0
DA:2814,0
DA:2821,0
DA:2822,0
DA:2827,0
DA:2829,0
DA:2831,0
DA:2837,0
DA:2839,0
DA:2842,0
DA:2845,0
DA:2846,0
DA:2847,0
DA:2848,0
DA:2851,0
DA:2853,0
DA:2854,0
DA:2855,0
DA:2856,0
DA:2861,0
DA:2865,0
DA:2870,0
DA:2899,0
DA:2902,0
DA:2928,0
DA:2931,0
DA:2959,0
DA:2961,0
DA:2964,0
DA:2990,0
DA:2993,0
DA:3019,0
DA:3022,0
DA:3050,0
DA:3052,0
DA:3055,0
DA:3057,0
DA:3076,0
DA:3079,0
DA:3098,0
DA:3101,0
DA:3105,0
DA:3108,0
DA:3109,0
DA:3111,0
DA:3115,0
DA:3126,0
DA:3133,0
DA:3134,0
DA:3139,0
DA:3141,0
DA:3143,0
DA:3149,0
DA:3151,0
DA:3154,0
DA:3157,0
DA:3158,0
DA:3159,0
DA:3160,0
DA:3163,0
DA:3166,0
DA:3170,0
DA:3174,0
DA:3176,0
DA:3205,0
DA:3208,0
DA:3234,0
DA:3237,0
DA:3265,0
DA:3267,0
DA:3270,0
DA:3296,0
DA:3299,0
DA:3325,0
DA:3328,0
DA:3356,0
DA:3358,0
DA:3361,0
DA:3363,0
DA:3382,0
DA:3385,0
DA:3404,0
DA:3407,0
DA:3411,0
DA:3414,0
DA:3415,0
DA:3417,0
DA:3420,0
DA:3421,0
DA:3432,1
DA:3438,0
DA:3439,0
DA:3449,0
DA:3451,0
DA:3454,0
DA:3457,0
DA:3458,0
DA:3459,0
DA:3460,0
DA:3463,0
DA:3465,0
DA:3469,0
DA:3473,0
DA:3475,1
DA:3504,3
DA:3507,0
DA:3533,0
DA:3536,0
DA:3564,0
DA:3566,0
DA:3569,0
DA:3595,0
DA:3598,0
DA:3624,0
DA:3627,0
DA:3655,0
DA:3657,0
DA:3660,0
DA:3662,0
DA:3681,0
DA:3684,0
DA:3703,0
DA:3706,0
DA:3710,0
DA:3713,0
DA:3714,0
DA:3716,0
DA:3719,0
DA:3720,0
DA:3731,0
DA:3737,0
DA:3738,0
DA:3748,0
DA:3750,0
DA:3753,0
DA:3756,0
DA:3757,0
DA:3758,0
DA:3759,0
DA:3760,0
DA:3763,0
DA:3765,0
DA:3769,0
DA:3773,0
DA:3778,0
DA:3807,0
DA:3810,0
DA:3836,0
DA:3839,0
DA:3867,0
DA:3869,0
DA:3872,0
DA:3898,0
DA:3901,0
DA:3927,0
DA:3930,0
DA:3958,0
DA:3960,0
DA:3963,0
DA:3965,0
DA:3984,0
DA:3987,0
DA:4006,0
DA:4009,0
DA:4013,0
DA:4016,0
DA:4017,0
DA:4019,0
DA:4022,0
DA:4023,0
DA:4034,0
DA:4040,0
DA:4041,0
DA:4051,0
DA:4053,0
DA:4056,0
DA:4059,0
DA:4060,0
DA:4061,0
DA:4062,0
DA:4065,0
DA:4067,0
DA:4071,0
DA:4075,0
DA:4077,0
DA:4106,0
DA:4109,0
DA:4135,0
DA:4138,0
DA:4166,0
DA:4168,0
DA:4171,0
DA:4197,0
DA:4200,0
DA:4226,0
DA:4229,0
DA:4257,0
DA:4259,0
DA:4262,0
DA:4264,0
DA:4283,0
DA:4286,0
DA:4305,0
DA:4308,0
DA:4312,0
DA:4315,0
DA:4316,0
DA:4318,0
DA:4322,0
DA:4333,1
DA:4339,0
DA:4340,0
DA:4350,0
DA:4352,0
DA:4355,0
DA:4358,0
DA:4359,0
DA:4360,0
DA:4361,0
DA:4362,0
DA:4365,0
DA:4367,0
DA:4371,0
DA:4375,0
DA:4380,1
DA:4409,3
DA:4412,0
DA:4438,0
DA:4441,0
DA:4469,0
DA:4471,0
DA:4474,0
DA:4500,0
DA:4503,0
DA:4529,0
DA:4532,0
DA:4560,0
DA:4562,0
DA:4565,0
DA:4567,0
DA:4586,0
DA:4589,0
DA:4610,0
DA:4613,0
DA:4617,0
DA:4620,0
DA:4621,0
DA:4623,0
DA:4627,0
DA:4636,0
DA:4639,0
DA:4640,0
DA:4648,0
DA:4654,0
DA:4655,0
DA:4665,0
DA:4667,0
DA:4670,0
DA:4673,0
DA:4674,0
DA:4675,0
DA:4676,0
DA:4677,0
DA:4680,0
DA:4682,0
DA:4686,0
DA:4690,0
DA:4695,0
DA:4724,0
DA:4727,0
DA:4753,0
DA:4756,0
DA:4784,0
DA:4786,0
DA:4789,0
DA:4815,0
DA:4818,0
DA:4844,0
DA:4847,0
DA:4875,0
DA:4877,0
DA:4880,0
DA:4882,0
DA:4901,0
DA:4904,0
DA:4923,0
DA:4926,0
DA:4930,0
DA:4933,0
DA:4934,0
DA:4936,0
DA:4940,0
DA:4951,0
DA:4957,0
DA:4958,0
DA:4968,0
DA:4970,0
DA:4973,0
DA:4976,0
DA:4977,0
DA:4978,0
DA:4979,0
DA:4980,0
DA:4983,0
DA:4985,0
DA:4989,0
DA:4994,0
DA:4999,0
DA:5028,0
DA:5031,0
DA:5057,0
DA:5060,0
DA:5088,0
DA:5090,0
DA:5093,0
DA:5119,0
DA:5122,0
DA:5148,0
DA:5151,0
DA:5179,0
DA:5181,0
DA:5184,0
DA:5186,0
DA:5205,0
DA:5208,0
DA:5229,0
DA:5232,0
DA:5236,0
DA:5239,0
DA:5240,0
DA:5242,0
DA:5246,0
DA:5255,0
DA:5258,0
DA:5259,0
DA:5267,0
DA:5273,0
DA:5274,0
DA:5284,0
DA:5286,0
DA:5289,0
DA:5292,0
DA:5293,0
DA:5294,0
DA:5295,0
DA:5296,0
DA:5299,0
DA:5301,0
DA:5305,0
DA:5310,0
DA:5315,0
DA:5344,0
DA:5347,0
DA:5373,0
DA:5376,0
DA:5404,0
DA:5406,0
DA:5409,0
DA:5435,0
DA:5438,0
DA:5464,0
DA:5467,0
DA:5495,0
DA:5497,0
DA:5500,0
DA:5502,0
DA:5521,0
DA:5524,0
DA:5545,0
DA:5548,0
DA:5552,0
DA:5555,0
DA:5556,0
DA:5558,0
DA:5562,0
DA:5571,0
DA:5574,0
DA:5575,0
DA:5583,1
DA:5589,0
DA:5590,0
DA:5600,0
DA:5602,0
DA:5605,0
DA:5608,0
DA:5609,0
DA:5610,0
DA:5611,0
DA:5614,0
DA:5616,0
DA:5620,0
DA:5624,0
DA:5629,1
DA:5658,3
DA:5661,0
DA:5687,0
DA:5690,0
DA:5718,0
DA:5720,0
DA:5723,0
DA:5749,0
DA:5752,0
DA:5778,0
DA:5781,0
DA:5809,0
DA:5811,0
DA:5814,0
DA:5816,0
DA:5835,0
DA:5838,0
DA:5857,0
DA:5860,0
DA:5864,0
DA:5867,0
DA:5868,0
DA:5870,0
DA:5874,0
DA:5885,2
DA:5892,1
DA:5893,1
DA:5898,1
DA:5900,2
DA:5902,2
DA:5908,0
DA:5910,0
DA:5913,0
DA:5916,0
DA:5917,0
DA:5918,0
DA:5919,0
DA:5922,0
DA:5924,0
DA:5925,0
DA:5926,0
DA:5927,0
DA:5932,0
DA:5936,0
DA:5941,1
DA:5970,3
DA:5973,0
DA:5999,0
DA:6002,0
DA:6030,0
DA:6032,0
DA:6035,0
DA:6061,0
DA:6064,0
DA:6090,0
DA:6093,0
DA:6121,0
DA:6123,0
DA:6126,0
DA:6128,0
DA:6147,0
DA:6150,0
DA:6171,0
DA:6174,0
DA:6178,0
DA:6181,0
DA:6182,0
DA:6184,0
DA:6188,0
DA:6197,0
DA:6200,0
DA:6201,0
DA:6209,1
DA:6215,0
DA:6216,0
DA:6226,0
DA:6228,0
DA:6231,0
DA:6234,0
DA:6235,0
DA:6236,0
DA:6237,0
DA:6240,0
DA:6242,0
DA:6246,0
DA:6250,0
DA:6255,1
DA:6284,3
[...]
DA:15628,0
DA:15682,0
DA:15684,0
DA:15687,0
DA:15751,0
DA:15754,0
DA:15809,0
DA:15812,0
DA:15869,0
DA:15871,0
DA:15877,54
DA:15892,0
DA:15895,0
DA:15904,54
DA:15906,0
DA:15911,0
DA:15914,0
DA:15917,0
DA:15918,0
DA:15920,0
DA:15972,0
DA:15975,0
DA:16027,0
DA:16030,0
DA:16084,0
DA:16086,0
DA:16089,0
DA:16153,0
DA:16156,0
DA:16211,0
DA:16214,0
DA:16271,0
DA:16273,0
DA:16279,54
DA:16294,0
DA:16297,0
DA:16306,54
DA:16308,0
DA:16313,0
DA:16316,0
DA:16317,0
DA:16320,0
DA:16321,0
DA:16323,0
DA:16375,0
DA:16378,0
DA:16430,0
DA:16433,0
DA:16487,0
DA:16489,0
DA:16492,0
DA:16556,0
DA:16559,0
DA:16614,0
DA:16617,0
DA:16674,0
DA:16676,0
DA:16682,54
DA:16697,0
DA:16700,0
DA:16709,54
DA:16711,0
DA:16716,0
DA:16719,0
DA:16722,0
DA:16723,0
DA:16725,0
DA:16777,0
DA:16780,0
DA:16832,0
DA:16835,0
DA:16889,0
DA:16891,0
DA:16894,0
DA:16958,0
DA:16961,0
DA:17016,0
DA:17019,0
DA:17076,0
DA:17078,0
DA:17084,54
DA:17101,0
DA:17104,0
DA:17108,0
DA:17111,0
DA:17112,0
DA:17114,0
DA:17125,2
DA:17130,0
DA:17132,0
DA:17135,0
DA:17138,0
DA:17139,0
DA:17140,0
DA:17143,0
DA:17144,0
DA:17148,0
DA:17153,0
DA:17158,1
DA:17210,2
DA:17213,0
DA:17265,0
DA:17268,0
DA:17322,0
DA:17324,0
DA:17327,0
DA:17391,0
DA:17394,0
DA:17449,0
DA:17452,0
DA:17509,0
DA:17511,0
DA:17518,2
DA:17524,0
DA:17526,0
DA:17543,0
DA:17546,0
DA:17550,0
DA:17553,0
DA:17554,0
DA:17556,0
DA:17567,0
DA:17572,0
DA:17574,0
DA:17577,0
DA:17580,0
DA:17581,0
DA:17582,0
DA:17585,0
DA:17586,0
DA:17590,0
DA:17595,0
DA:17599,0
DA:17651,0
DA:17654,0
DA:17706,0
DA:17709,0
DA:17763,0
DA:17765,0
DA:17768,0
DA:17832,0
DA:17835,0
DA:17890,0
DA:17893,0
DA:17950,0
DA:17952,0
DA:17959,0
DA:17965,0
DA:17967,0
DA:17982,0
DA:17985,0
DA:17994,54
DA:17996,0
DA:18001,0
DA:18004,0
DA:18005,0
DA:18008,0
DA:18009,0
DA:18011,0
DA:18063,0
DA:18066,0
DA:18118,0
DA:18121,0
DA:18175,0
DA:18177,0
DA:18180,0
DA:18244,0
DA:18247,0
DA:18302,0
DA:18305,0
DA:18362,0
DA:18364,0
DA:18370,54
DA:18385,0
DA:18388,0
DA:18397,54
DA:18399,0
DA:18404,0
DA:18407,0
DA:18408,0
DA:18411,0
DA:18412,0
DA:18414,0
DA:18466,0
DA:18469,0
DA:18521,0
DA:18524,0
DA:18578,0
DA:18580,0
DA:18583,0
DA:18647,0
DA:18650,0
DA:18705,0
DA:18708,0
DA:18765,0
DA:18767,0
DA:18773,54
DA:18788,0
DA:18791,0
DA:18800,54
DA:18802,0
DA:18807,0
DA:18810,0
DA:18813,0
DA:18814,0
DA:18816,0
DA:18868,0
DA:18871,0
DA:18923,0
DA:18926,0
DA:18980,0
DA:18982,0
DA:18985,0
DA:19049,0
DA:19052,0
DA:19107,0
DA:19110,0
DA:19167,0
DA:19169,0
DA:19175,54
DA:19190,0
DA:19193,0
DA:19202,54
DA:19204,0
DA:19209,0
DA:19212,0
DA:19213,0
DA:19216,0
DA:19217,0
DA:19219,0
DA:19271,0
DA:19274,0
DA:19326,0
DA:19329,0
DA:19383,0
DA:19385,0
DA:19388,0
DA:19452,0
DA:19455,0
DA:19510,0
DA:19513,0
DA:19570,0
DA:19572,0
DA:19578,54
DA:19595,0
DA:19598,0
DA:19602,0
DA:19605,0
DA:19606,0
DA:19608,0
DA:19619,2
DA:19624,0
DA:19626,0
DA:19629,0
DA:19632,0
DA:19633,0
DA:19634,0
DA:19637,0
DA:19638,0
DA:19642,0
DA:19647,0
DA:19652,1
DA:19704,2
DA:19707,0
DA:19759,0
DA:19762,0
DA:19816,0
DA:19818,0
DA:19821,0
DA:19885,0
DA:19888,0
DA:19943,0
DA:19946,0
DA:20003,0
DA:20005,0
DA:20012,2
DA:20018,0
DA:20020,0
DA:20038,0
DA:20041,0
DA:20045,0
DA:20048,0
DA:20049,0
DA:20051,0
DA:20062,0
DA:20067,0
DA:20069,0
DA:20072,0
DA:20075,0
DA:20076,0
DA:20077,0
DA:20080,0
DA:20081,0
DA:20085,0
DA:20092,0
DA:20096,0
DA:20148,0
DA:20151,0
DA:20203,0
DA:20206,0
DA:20260,0
DA:20262,0
DA:20265,0
DA:20329,0
DA:20332,0
DA:20387,0
DA:20390,0
DA:20447,0
DA:20449,0
DA:20456,0
DA:20462,0
DA:20466,0
DA:20481,0
DA:20484,0
DA:20493,54
DA:20495,0
DA:20500,0
DA:20503,0
DA:20504,0
DA:20507,0
DA:20508,0
DA:20510,0
DA:20562,0
DA:20565,0
DA:20617,0
DA:20620,0
DA:20674,0
DA:20676,0
DA:20679,0
DA:20743,0
DA:20746,0
DA:20801,0
DA:20804,0
DA:20861,0
DA:20863,0
DA:20869,54
DA:20884,0
DA:20887,0
DA:20896,54
DA:20898,0
DA:20903,0
DA:20906,0
DA:20907,0
DA:20910,0
DA:20911,0
DA:20913,0
DA:20965,0
DA:20968,0
DA:21020,0
DA:21023,0
DA:21077,0
DA:21079,0
DA:21082,0
DA:21146,0
DA:21149,0
DA:21204,0
DA:21207,0
DA:21264,0
DA:21266,0
DA:21272,54
LF:1549
LH:105
end_of_record
SF:/Users/harukiinoue/StudioProjects/notion-dart-kit/lib/src/query/filter.dart
DA:38,2
DA:93,2
DA:94,6
DA:95,6
DA:96,4
DA:125,27
DA:328,2
DA:330,0
DA:331,0
DA:333,0
DA:334,0
DA:336,2
DA:337,1
DA:339,0
DA:340,0
DA:342,0
DA:343,0
DA:345,0
DA:346,0
DA:348,2
DA:349,1
DA:351,0
DA:352,0
DA:356,0
DA:357,0
DA:359,0
DA:360,0
DA:362,2
DA:363,1
DA:365,0
DA:366,0
DA:368,2
DA:369,1
DA:371,0
DA:372,0
DA:374,0
DA:375,0
DA:377,0
DA:378,0
DA:382,2
DA:383,1
DA:387,2
DA:388,1
DA:390,0
DA:391,0
DA:393,0
DA:394,0
DA:396,0
DA:397,0
DA:401,2
DA:402,1
DA:404,0
DA:405,0
DA:407,0
DA:408,0
DA:410,0
DA:411,0
DA:415,0
DA:416,0
DA:418,0
DA:419,0
DA:421,2
DA:422,1
DA:424,0
DA:425,0
DA:427,0
DA:428,0
DA:430,0
DA:431,0
DA:433,0
DA:434,0
DA:436,2
DA:437,2
DA:439,0
DA:440,0
DA:442,0
DA:443,0
DA:445,0
DA:446,0
DA:448,0
DA:449,0
DA:451,0
DA:452,0
DA:456,2
DA:457,1
DA:459,0
DA:460,0
DA:462,0
DA:463,0
DA:465,0
DA:466,0
DA:470,0
DA:471,0
DA:473,0
DA:474,0
DA:478,2
DA:479,1
DA:481,0
DA:482,0
DA:484,0
DA:485,0
DA:487,0
DA:488,0
LF:103
LH:29
end_of_record
SF:/Users/harukiinoue/StudioProjects/notion-dart-kit/lib/src/query/filter_builder.dart
DA:8,1
DA:12,3
DA:15,3
DA:18,3
DA:21,3
DA:24,1
DA:25,2
DA:28,0
DA:31,3
DA:34,3
DA:37,0
DA:40,3
DA:45,1
DA:48,0
DA:49,0
DA:50,0
DA:53,0
DA:54,0
DA:55,0
DA:58,2
DA:59,1
DA:60,1
DA:63,0
DA:64,0
DA:65,0
DA:68,0
DA:69,0
DA:70,0
DA:73,0
DA:74,0
DA:75,0
DA:78,2
DA:79,1
DA:83,0
DA:84,0
DA:91,1
DA:94,0
DA:95,0
DA:96,0
DA:99,0
DA:100,0
DA:101,0
DA:104,2
DA:105,1
DA:106,1
DA:109,0
DA:110,0
DA:111,0
DA:114,2
DA:115,1
DA:116,1
DA:119,0
DA:120,0
DA:121,0
DA:124,0
DA:125,0
DA:129,0
DA:130,0
DA:137,1
DA:140,2
DA:141,1
DA:142,1
DA:148,1
DA:151,2
DA:152,1
DA:153,1
DA:156,0
DA:157,0
DA:158,0
DA:161,0
DA:162,0
DA:166,0
DA:167,0
DA:174,1
DA:177,2
DA:178,1
DA:179,1
DA:182,0
DA:183,0
DA:184,0
DA:187,0
DA:188,0
DA:192,0
DA:193,0
DA:200,1
DA:203,0
DA:204,0
DA:205,0
DA:208,0
DA:209,0
DA:210,0
DA:213,2
DA:214,1
DA:215,1
DA:218,0
DA:219,0
DA:220,0
DA:223,0
DA:224,0
DA:225,0
DA:228,0
DA:229,0
DA:233,0
DA:234,0
DA:238,2
DA:239,1
DA:243,0
DA:244,0
DA:248,0
DA:249,0
DA:253,0
DA:254,0
DA:258,0
DA:259,0
DA:263,0
DA:264,0
DA:271,1
DA:274,2
DA:275,1
DA:276,1
DA:279,0
DA:280,0
DA:281,0
DA:284,0
DA:285,0
DA:289,0
DA:290,0
DA:297,0
DA:300,0
DA:301,0
DA:305,0
DA:306,0
DA:313,1
DA:316,2
DA:317,1
DA:318,1
DA:321,0
DA:322,0
DA:323,0
DA:326,0
DA:327,0
DA:331,0
DA:332,0
DA:340,2
LF:144
LH:50
end_of_record
SF:/Users/harukiinoue/StudioProjects/notion-dart-kit/lib/src/query/sort.freezed.dart
DA:12,0
DA:14,0
DA:20,0
DA:21,0
DA:26,0
DA:27,0
DA:31,0
DA:32,0
DA:37,0
DA:38,0
DA:42,0
DA:43,0
DA:47,0
DA:48,0
DA:53,0
DA:57,0
DA:58,0
DA:72,0
DA:81,0
DA:84,0
DA:85,0
DA:87,0
DA:112,0
DA:115,0
DA:119,0
DA:122,0
DA:123,0
DA:125,0
DA:129,0
DA:140,1
DA:141,1
DA:148,0
DA:150,0
DA:153,0
DA:156,0
DA:157,0
DA:158,0
DA:159,0
DA:160,0
DA:163,0
DA:164,0
DA:168,0
DA:172,0
DA:174,1
DA:181,3
DA:184,0
DA:190,0
DA:193,0
DA:201,0
DA:203,0
DA:206,0
DA:212,0
DA:215,0
DA:221,0
DA:224,0
DA:232,0
DA:234,0
DA:243,2
DA:251,0
DA:254,0
DA:273,0
DA:276,0
DA:280,0
DA:283,0
DA:284,0
DA:286,0
DA:290,0
DA:301,27
DA:302,27
DA:309,0
DA:311,0
DA:314,0
DA:317,0
DA:318,0
DA:319,0
DA:320,0
DA:321,0
DA:324,0
DA:325,0
DA:329,0
DA:333,0
DA:335,1
DA:342,3
DA:345,0
DA:351,0
DA:354,0
DA:362,0
DA:364,0
DA:367,0
DA:373,0
DA:376,0
DA:382,0
DA:385,0
DA:393,0
DA:395,0
DA:404,54
DA:412,0
DA:415,0
LF:98
LH:10
end_of_record
SF:/Users/harukiinoue/StudioProjects/notion-dart-kit/lib/src/query/sort.dart
DA:33,27
DA:54,2
DA:55,2
DA:57,1
DA:59,2
DA:60,1
DA:61,1
DA:107,1
DA:108,1
DA:111,1
DA:112,1
DA:115,0
DA:121,1
DA:127,1
DA:133,0
DA:150,2
DA:153,2
LF:17
LH:15
end_of_record
SF:/Users/harukiinoue/StudioProjects/notion-dart-kit/lib/src/services/blocks_service.dart
DA:10,11
DA:21,0
DA:22,0
DA:23,0
DA:39,0
DA:44,0
DA:46,0
DA:49,0
DA:52,0
DA:53,0
DA:57,0
DA:70,0
DA:74,0
DA:75,0
DA:76,0
DA:79,0
DA:91,0
DA:92,0
DA:93,0
DA:102,0
DA:103,0
DA:104,0
DA:121,2
DA:128,2
DA:129,1
DA:130,1
DA:131,3
DA:132,1
DA:133,1
DA:134,1
DA:149,0
DA:150,0
DA:151,0
DA:152,0
DA:153,0
LF:35
LH:9
end_of_record
SF:/Users/harukiinoue/StudioProjects/notion-dart-kit/lib/src/services/comments_service.dart
DA:9,10
DA:22,1
DA:31,1
DA:32,1
DA:33,1
DA:39,0
DA:40,0
DA:41,0
DA:42,0
DA:43,0
DA:44,0
DA:47,0
DA:48,0
DA:55,0
DA:60,0
DA:62,0
DA:65,0
DA:68,0
DA:72,0
DA:76,0
DA:77,0
DA:78,0
LF:22
LH:5
end_of_record
SF:/Users/harukiinoue/StudioProjects/notion-dart-kit/lib/src/services/data_sources_service.dart
DA:11,11
DA:19,1
DA:24,1
DA:25,1
DA:26,2
DA:27,0
DA:30,2
DA:31,1
DA:37,1
DA:38,3
DA:39,1
DA:48,1
DA:54,1
DA:55,1
DA:56,0
DA:57,0
DA:60,2
DA:61,1
DA:64,1
DA:75,1
DA:83,1
DA:85,1
DA:88,1
DA:91,1
DA:94,1
DA:97,1
DA:98,1
DA:99,2
DA:102,1
DA:104,3
DA:106,2
DA:107,1
DA:110,2
DA:111,1
DA:112,1
DA:113,6
DA:115,1
LF:37
LH:34
end_of_record
SF:/Users/harukiinoue/StudioProjects/notion-dart-kit/lib/src/services/databases_service.dart
DA:13,10
DA:27,0
DA:35,0
DA:36,0
DA:37,0
DA:38,0
DA:40,0
DA:41,0
DA:42,0
DA:45,0
DA:46,0
DA:55,0
DA:56,0
DA:57,0
DA:76,0
DA:86,0
DA:88,0
DA:91,0
DA:94,0
DA:97,0
DA:100,0
DA:103,0
DA:106,0
DA:109,0
DA:110,0
DA:113,0
DA:122,0
DA:123,0
DA:131,0
DA:132,0
DA:146,0
DA:154,0
DA:156,0
DA:159,0
DA:162,0
DA:165,0
DA:169,0
DA:170,0
DA:172,0
DA:175,0
DA:177,0
DA:179,0
DA:180,0
DA:193,0
DA:199,0
DA:200,0
DA:201,0
DA:202,0
DA:206,0
DA:207,0
DA:212,0
DA:226,0
DA:232,0
DA:233,0
DA:234,0
DA:235,0
DA:239,0
DA:241,0
DA:244,0
DA:247,0
DA:249,0
DA:251,0
DA:261,0
DA:263,0
DA:264,0
DA:266,0
DA:276,0
DA:278,0
DA:279,0
DA:280,0
DA:282,0
DA:284,0
DA:289,0
DA:290,0
DA:291,0
DA:292,0
DA:294,0
LF:77
LH:1
end_of_record
SF:/Users/harukiinoue/StudioProjects/notion-dart-kit/lib/src/services/file_uploads_service.dart
DA:13,10
DA:21,1
DA:30,1
DA:31,1
DA:32,1
DA:38,1
DA:39,0
DA:40,1
DA:46,1
DA:47,1
DA:48,1
DA:53,0
DA:54,1
DA:60,0
DA:65,0
DA:66,0
DA:67,0
DA:68,0
DA:69,0
DA:70,0
DA:73,0
DA:74,0
DA:80,0
DA:87,0
DA:88,0
DA:91,0
DA:93,0
DA:95,0
DA:97,0
DA:98,0
DA:101,0
DA:105,0
DA:112,0
DA:113,0
DA:116,0
DA:118,0
DA:119,0
DA:120,0
DA:122,0
DA:123,0
DA:126,0
DA:130,0
DA:131,0
DA:132,0
DA:134,0
DA:138,0
DA:139,0
DA:140,0
DA:144,0
DA:149,0
DA:151,0
DA:154,0
DA:157,0
DA:160,0
DA:162,0
DA:164,0
DA:172,0
DA:173,0
DA:174,0
DA:175,0
LF:60
LH:11
end_of_record
SF:/Users/harukiinoue/StudioProjects/notion-dart-kit/lib/src/services/pages_service.dart
DA:11,10
DA:24,0
DA:31,0
DA:32,0
DA:33,0
DA:34,0
DA:35,0
DA:36,0
DA:39,0
DA:40,0
DA:50,0
DA:51,0
DA:52,0
DA:53,0
DA:56,0
DA:57,0
DA:58,0
DA:61,0
DA:75,0
DA:83,0
DA:85,0
DA:88,0
DA:91,0
DA:94,0
DA:97,0
DA:100,0
DA:101,0
DA:110,0
DA:118,0
DA:129,0
DA:135,0
DA:137,0
DA:140,0
DA:143,0
DA:144,0
DA:145,0
DA:148,0
LF:37
LH:1
end_of_record
SF:/Users/harukiinoue/StudioProjects/notion-dart-kit/lib/src/services/search_service.dart
DA:9,10
DA:23,0
DA:30,0
DA:33,0
DA:37,0
DA:39,0
DA:44,0
DA:51,0
DA:54,0
DA:57,0
DA:58,0
DA:89,1
DA:96,1
DA:97,1
DA:98,2
DA:99,1
DA:100,1
DA:102,1
DA:103,2
DA:104,0
DA:105,0
DA:107,0
DA:109,1
DA:111,1
DA:112,1
DA:114,1
DA:115,1
DA:131,0
DA:132,0
DA:133,0
DA:134,0
DA:135,0
DA:136,0
DA:154,1
DA:156,1
DA:163,2
DA:166,2
DA:169,1
DA:170,1
DA:171,0
DA:173,1
DA:177,1
DA:178,1
DA:179,1
DA:181,1
DA:195,1
DA:199,1
DA:200,2
DA:201,0
DA:202,0
DA:204,0
DA:208,0
DA:209,0
DA:210,0
DA:211,0
DA:212,0
DA:214,0
LF:57
LH:28
end_of_record
SF:/Users/harukiinoue/StudioProjects/notion-dart-kit/lib/src/services/users_service.dart
DA:9,10
DA:17,0
DA:18,0
DA:19,0
DA:28,0
DA:29,0
DA:30,0
DA:40,0
DA:41,0
DA:43,0
DA:46,0
DA:49,0
DA:51,0
DA:54,0
LF:14
LH:1
end_of_record
SF:/Users/harukiinoue/StudioProjects/notion-dart-kit/lib/src/utils/api_version.dart
DA:25,13
DA:26,13
DA:32,12
DA:42,1
DA:43,1
DA:44,2
DA:46,1
DA:47,2
DA:50,1
DA:51,1
DA:55,1
DA:59,1
DA:60,2
DA:64,1
DA:65,2
DA:71,2
DA:72,2
DA:73,2
DA:76,2
DA:80,2
DA:81,4
DA:93,2
DA:94,0
DA:106,2
DA:107,0
DA:119,2
DA:120,4
LF:27
LH:25
end_of_record
SF:/Users/harukiinoue/StudioProjects/notion-dart-kit/lib/src/utils/block_builder.dart
DA:33,0
DA:45,1
DA:46,1
DA:54,1
DA:55,1
DA:63,1
DA:64,1
DA:72,1
DA:73,1
DA:81,2
DA:92,2
DA:104,1
DA:105,1
DA:113,1
DA:114,1
DA:122,2
DA:134,2
DA:149,1
DA:150,1
DA:162,2
DA:170,1
DA:171,1
DA:179,2
DA:191,1
DA:192,1
DA:200,1
DA:201,1
DA:209,2
DA:217,2
DA:231,2
DA:239,2
DA:247,1
DA:248,1
DA:262,1
DA:267,1
DA:281,1
DA:283,4
DA:292,1
DA:293,4
DA:298,1
DA:299,2
DA:304,1
DA:305,1
DA:310,1
DA:311,1
DA:316,2
DA:319,1
DA:320,2
DA:321,2
DA:322,4
DA:329,1
DA:338,1
DA:339,1
DA:344,1
DA:345,1
DA:350,1
DA:351,1
DA:356,1
DA:357,2
DA:358,1
DA:361,1
DA:362,5
DA:363,2
DA:364,2
DA:365,4
DA:373,1
DA:380,1
DA:381,1
DA:386,1
DA:387,1
DA:392,2
DA:395,1
DA:396,5
DA:397,2
DA:398,4
DA:405,1
DA:413,1
DA:414,1
DA:419,1
DA:420,1
DA:425,1
DA:426,1
DA:431,2
DA:434,1
DA:435,5
DA:436,3
DA:437,2
DA:438,4
DA:445,1
DA:453,1
DA:454,1
DA:459,1
DA:460,1
DA:465,2
DA:467,1
DA:468,2
DA:469,5
DA:470,2
DA:471,4
DA:478,1
DA:486,1
DA:487,1
DA:492,1
DA:493,1
DA:498,1
DA:499,1
DA:504,2
DA:507,1
DA:508,5
DA:509,2
DA:510,2
DA:511,4
DA:518,1
DA:525,1
DA:526,1
DA:531,1
DA:532,1
DA:537,2
DA:540,1
DA:541,5
DA:542,2
DA:543,4
DA:550,1
DA:557,1
DA:558,4
DA:563,2
DA:566,1
DA:567,5
DA:568,2
DA:569,4
DA:577,2
DA:580,1
DA:589,1
DA:590,1
DA:595,2
DA:598,2
DA:605,2
DA:608,1
DA:614,1
DA:621,1
DA:622,4
DA:627,2
DA:629,1
DA:630,2
DA:631,1
DA:632,3
DA:633,4
DA:640,1
DA:646,1
DA:647,4
DA:652,2
DA:655,7
DA:661,1
DA:666,2
DA:669,2
DA:675,1
DA:680,2
DA:683,2
DA:689,1
DA:702,1
DA:704,1
DA:705,1
DA:706,2
DA:708,1
DA:710,5
DA:711,1
DA:715,1
DA:717,1
DA:720,1
DA:721,4
DA:722,1
DA:723,1
LF:172
LH:171
end_of_record
SF:/Users/harukiinoue/StudioProjects/notion-dart-kit/lib/src/utils/exceptions.dart
DA:4,4
DA:12,0
DA:13,0
DA:18,0
DA:20,0
DA:21,0
DA:26,0
DA:28,0
DA:29,0
DA:34,0
DA:36,0
DA:37,0
DA:42,2
DA:44,0
DA:45,0
LF:15
LH:2
end_of_record
SF:/Users/harukiinoue/StudioProjects/notion-dart-kit/lib/src/utils/helpers.dart
DA:20,0
DA:29,0
DA:42,1
DA:43,3
DA:45,3
DA:46,1
DA:47,1
DA:49,2
DA:50,2
DA:51,1
DA:54,1
DA:55,1
DA:75,1
DA:76,2
DA:88,1
DA:89,3
DA:100,2
DA:111,2
DA:121,0
DA:131,0
DA:138,0
DA:150,1
DA:154,2
DA:158,1
DA:159,1
DA:163,2
DA:164,2
DA:165,1
DA:168,1
DA:177,0
DA:186,1
DA:187,4
DA:196,1
DA:199,4
DA:210,1
DA:211,6
DA:221,1
DA:222,5
DA:227,0
DA:237,1
DA:241,3
DA:242,1
DA:255,1
DA:259,6
DA:272,1
DA:277,1
DA:279,2
DA:280,3
DA:281,4
DA:298,1
DA:304,1
DA:305,2
DA:306,3
DA:307,3
DA:309,1
DA:310,1
DA:328,1
DA:333,1
DA:335,2
DA:336,3
DA:337,3
DA:350,1
DA:357,4
DA:367,1
DA:374,4
LF:65
LH:58
end_of_record
SF:/Users/harukiinoue/StudioProjects/notion-dart-kit/lib/src/utils/property_builder.dart
DA:29,0
DA:41,2
DA:49,2
DA:57,2
DA:65,2
DA:73,2
DA:81,2
DA:82,1
DA:91,2
DA:92,4
DA:101,2
DA:102,1
DA:111,2
DA:112,4
DA:131,2
DA:145,1
DA:146,1
DA:163,1
DA:164,1
DA:172,2
DA:173,4
DA:188,2
DA:199,1
DA:211,1
DA:212,1
DA:217,1
DA:218,1
DA:223,1
DA:224,1
DA:229,1
DA:230,1
DA:235,1
DA:236,1
DA:246,1
DA:247,1
DA:252,1
DA:253,1
DA:258,1
DA:259,1
DA:261,1
DA:262,2
DA:263,4
DA:268,1
DA:269,1
DA:270,1
DA:271,1
DA:272,1
DA:273,1
DA:274,2
DA:275,1
DA:276,1
DA:277,1
DA:278,1
DA:279,1
DA:280,1
DA:284,1
DA:285,1
DA:292,1
DA:304,1
DA:305,1
DA:310,0
DA:311,0
DA:316,0
DA:317,0
DA:322,1
DA:323,1
DA:328,0
DA:329,0
DA:339,1
DA:340,1
DA:345,1
DA:346,1
DA:351,1
DA:352,1
DA:354,1
DA:355,2
DA:356,4
DA:361,1
DA:362,1
DA:363,1
DA:364,1
DA:365,1
DA:366,1
DA:367,2
DA:368,1
DA:369,1
DA:370,1
DA:371,1
DA:372,1
DA:373,1
DA:377,1
DA:378,1
DA:385,1
DA:394,1
DA:395,1
DA:400,2
DA:401,1
DA:402,3
DA:403,4
DA:404,3
LF:100
LH:93
end_of_record
SF:/Users/harukiinoue/StudioProjects/notion-dart-kit/lib/src/utils/recursive_block_loader.dart
DA:12,3
DA:14,3
DA:16,1
DA:17,2
DA:20,0
DA:32,0
DA:38,0
DA:39,0
DA:47,1
DA:54,1
DA:57,1
DA:61,2
DA:63,1
DA:65,2
DA:66,1
DA:71,1
DA:73,3
DA:74,1
DA:76,3
DA:77,1
DA:78,1
DA:81,2
DA:83,2
DA:84,0
DA:86,2
DA:88,1
DA:90,1
DA:95,1
DA:98,2
DA:99,1
DA:100,2
DA:101,1
DA:102,3
DA:108,1
DA:111,1
DA:122,1
DA:127,1
DA:128,1
DA:131,1
DA:135,1
DA:141,2
DA:142,1
DA:145,1
DA:150,1
LF:44
LH:39
end_of_record
SF:/Users/harukiinoue/StudioProjects/notion-dart-kit/lib/src/utils/result.freezed.dart
DA:12,0
DA:14,0
DA:20,0
DA:24,0
DA:25,0
DA:29,0
DA:30,0
DA:35,0
DA:36,0
DA:40,0
DA:41,0
DA:45,0
DA:46,0
DA:51,0
DA:65,0
DA:90,0
DA:93,0
DA:97,0
DA:100,0
DA:101,0
DA:102,0
DA:103,0
DA:114,2
DA:119,0
DA:121,0
DA:124,0
DA:127,0
DA:128,0
DA:129,0
DA:132,0
DA:134,0
DA:138,0
DA:142,0
DA:144,1
DA:150,2
DA:153,0
DA:159,0
DA:162,0
DA:170,0
DA:172,0
DA:175,0
DA:181,0
DA:184,0
DA:190,0
DA:193,0
DA:201,0
DA:203,0
DA:209,2
DA:215,0
DA:217,0
DA:234,0
DA:237,0
DA:241,0
DA:244,0
DA:245,0
DA:246,0
DA:247,0
DA:258,2
DA:263,0
DA:265,0
DA:268,0
DA:271,0
DA:272,0
DA:273,0
DA:276,0
DA:278,0
DA:282,0
DA:286,0
DA:288,1
DA:294,2
DA:297,0
DA:303,0
DA:306,0
DA:314,0
DA:316,0
DA:319,0
DA:325,0
DA:328,0
DA:334,0
DA:337,0
DA:345,0
DA:347,0
DA:353,2
DA:359,0
DA:361,0
LF:85
LH:8
end_of_record
SF:/Users/harukiinoue/StudioProjects/notion-dart-kit/lib/src/utils/result.dart
DA:21,1
DA:30,2
DA:33,2
DA:38,2
DA:39,3
DA:46,2
DA:48,3
DA:55,1
DA:56,3
DA:61,1
DA:64,1
DA:69,2
DA:70,1
DA:71,1
DA:75,1
DA:76,3
DA:79,1
DA:80,3
DA:83,4
DA:86,4
DA:92,1
DA:94,1
DA:98,1
DA:102,1
DA:103,2
DA:109,1
DA:111,1
LF:27
LH:27
end_of_record
SF:/Users/harukiinoue/StudioProjects/notion-dart-kit/lib/src/utils/rich_text_builder.dart
DA:38,0
DA:49,2
DA:50,2
DA:58,1
DA:59,1
DA:67,1
DA:68,1
DA:76,1
DA:77,1
DA:87,1
DA:90,1
DA:100,1
DA:101,1
DA:109,1
DA:110,1
DA:122,2
DA:123,2
DA:133,2
DA:145,2
DA:146,2
DA:151,2
DA:152,2
DA:157,1
DA:158,1
DA:163,1
DA:164,1
DA:169,1
DA:170,1
DA:180,1
DA:181,1
DA:186,1
DA:187,1
DA:192,4
DA:193,2
DA:194,4
DA:195,4
DA:196,5
DA:198,4
DA:199,2
DA:200,2
DA:201,2
DA:202,2
DA:203,2
DA:204,2
DA:206,4
DA:207,4
DA:213,1
DA:215,1
DA:217,1
DA:220,1
DA:225,1
DA:244,1
DA:245,1
DA:250,0
DA:251,0
DA:256,0
DA:257,0
DA:262,0
DA:263,0
DA:268,0
DA:269,0
DA:274,1
DA:275,1
DA:280,1
DA:284,1
DA:285,1
DA:286,1
DA:288,2
DA:292,1
DA:293,1
DA:295,2
DA:299,1
DA:300,1
DA:302,2
DA:306,1
DA:307,1
DA:309,1
DA:310,3
DA:311,4
DA:314,2
DA:316,1
DA:317,1
DA:319,2
DA:321,1
DA:325,1
DA:328,1
DA:329,1
DA:330,1
DA:331,1
DA:332,1
DA:333,1
DA:334,1
DA:346,1
DA:357,0
DA:358,0
DA:363,0
DA:364,0
DA:369,0
DA:370,0
DA:375,0
DA:376,0
DA:381,0
DA:382,0
DA:387,1
DA:388,1
DA:393,2
DA:395,2
DA:396,1
DA:397,1
DA:398,1
DA:399,1
DA:400,1
DA:401,1
DA:402,1
DA:404,1
LF:115
LH:96
end_of_record
SF:/Users/harukiinoue/StudioProjects/notion-dart-kit/lib/src/client/http_client.dart
DA:18,12
DA:24,12
DA:25,12
DA:26,12
DA:27,12
DA:29,24
DA:30,2
DA:31,1
DA:32,1
DA:36,12
DA:37,24
DA:48,12
DA:49,36
DA:51,12
DA:52,24
DA:53,12
DA:61,48
DA:64,60
DA:68,0
DA:69,0
DA:70,0
DA:75,0
DA:76,0
DA:81,0
DA:82,0
DA:87,0
DA:88,0
DA:93,0
DA:94,0
DA:100,0
DA:106,0
DA:107,0
DA:108,0
DA:110,0
DA:111,0
DA:116,0
DA:117,0
DA:118,0
DA:119,0
DA:120,0
DA:122,0
DA:126,0
DA:129,0
DA:130,0
DA:131,0
DA:132,0
DA:133,0
DA:137,0
DA:142,0
DA:146,0
DA:147,0
DA:148,0
DA:151,0
DA:154,0
DA:155,0
DA:162,0
DA:165,0
DA:166,0
DA:167,0
DA:168,0
DA:169,0
DA:173,0
DA:178,0
DA:179,0
DA:180,0
DA:181,0
DA:184,0
DA:187,0
DA:188,0
DA:195,0
DA:198,0
DA:199,0
DA:200,0
DA:201,0
DA:202,0
DA:206,0
DA:211,0
DA:214,0
DA:215,0
DA:221,0
DA:222,0
DA:223,0
DA:226,0
DA:229,0
DA:230,0
DA:237,0
DA:240,0
DA:241,0
DA:242,0
DA:243,0
DA:244,0
DA:248,0
DA:253,0
DA:254,0
DA:255,0
DA:256,0
DA:259,0
DA:262,0
DA:263,0
DA:270,0
DA:271,0
DA:272,0
DA:273,0
DA:274,0
DA:275,0
DA:279,0
DA:281,0
DA:282,0
DA:283,0
DA:284,0
DA:287,0
DA:290,0
DA:291,0
DA:298,0
DA:299,0
DA:303,0
DA:309,0
DA:311,0
DA:319,9
DA:320,18
DA:321,18
DA:330,0
DA:332,0
DA:333,0
DA:335,0
DA:336,0
DA:337,0
DA:338,0
DA:339,0
DA:342,0
DA:345,0
DA:347,0
DA:349,0
DA:350,0
DA:351,0
DA:352,0
DA:353,0
DA:354,0
DA:355,0
DA:358,0
DA:361,0
DA:363,0
DA:365,0
DA:366,0
DA:367,0
DA:368,0
DA:369,0
DA:370,0
DA:373,0
DA:378,2
DA:380,0
DA:386,0
DA:387,0
DA:392,0
DA:393,0
DA:395,0
DA:396,0
DA:398,0
DA:399,0
DA:400,0
DA:402,0
DA:403,0
DA:404,0
DA:408,0
DA:409,0
DA:411,0
DA:412,0
DA:413,0
DA:414,0
DA:415,0
DA:420,0
DA:421,0
DA:425,0
DA:428,0
DA:429,0
DA:430,0
DA:437,0
DA:438,0
DA:440,0
DA:442,0
DA:444,0
DA:445,0
DA:446,0
DA:454,2
DA:457,1
DA:458,2
DA:459,1
DA:463,1
DA:464,2
DA:467,3
DA:470,1
DA:472,1
DA:475,3
LF:193
LH:32
end_of_record
